TN:
SF:C:\Users\MSI-TITAN-6QE\Desktop\homatching\src\districtSelector.js
FN:1,(anonymous_0)
FN:1,(anonymous_1)
FN:1,defineProperties
FN:1,(anonymous_3)
FN:4,_interopRequireDefault
FN:4,_toConsumableArray
FN:4,_classCallCheck
FN:4,_possibleConstructorReturn
FN:4,_inherits
FN:7,CustomChildren
FN:42,(anonymous_10)
FN:42,DistrictSelector
FN:51,(anonymous_12)
FN:52,(anonymous_13)
FN:59,(anonymous_14)
FN:65,(anonymous_15)
FN:78,(anonymous_16)
FN:106,render
FN:118,onOk
FN:119,onDismiss
FN:131,onChange
FN:152,onChange
FNF:22
FNH:0
FNDA:0,(anonymous_0)
FNDA:0,(anonymous_1)
FNDA:0,defineProperties
FNDA:0,(anonymous_3)
FNDA:0,_interopRequireDefault
FNDA:0,_toConsumableArray
FNDA:0,_classCallCheck
FNDA:0,_possibleConstructorReturn
FNDA:0,_inherits
FNDA:0,CustomChildren
FNDA:0,(anonymous_10)
FNDA:0,DistrictSelector
FNDA:0,(anonymous_12)
FNDA:0,(anonymous_13)
FNDA:0,(anonymous_14)
FNDA:0,(anonymous_15)
FNDA:0,(anonymous_16)
FNDA:0,render
FNDA:0,onOk
FNDA:0,onDismiss
FNDA:0,onChange
FNDA:0,onChange
DA:1,0
DA:3,0
DA:4,0
DA:7,0
DA:19,0
DA:42,0
DA:52,0
DA:53,0
DA:60,0
DA:61,0
DA:62,0
DA:63,0
DA:64,0
DA:65,0
DA:66,0
DA:67,0
DA:68,0
DA:69,0
DA:76,0
DA:77,0
DA:78,0
DA:79,0
DA:80,0
DA:84,0
DA:87,0
DA:92,0
DA:94,0
DA:99,0
DA:106,0
DA:107,0
DA:109,0
DA:118,0
DA:119,0
DA:131,0
DA:152,0
DA:158,0
DA:161,0
LF:37
LH:0
BRDA:1,0,0,0
BRDA:1,0,1,0
BRDA:1,1,0,0
BRDA:1,1,1,0
BRDA:1,2,0,0
BRDA:1,2,1,0
BRDA:1,3,0,0
BRDA:1,3,1,0
BRDA:1,4,0,0
BRDA:1,4,1,0
BRDA:1,5,0,0
BRDA:1,5,1,0
BRDA:4,6,0,0
BRDA:4,6,1,0
BRDA:4,7,0,0
BRDA:4,7,1,0
BRDA:4,8,0,0
BRDA:4,8,1,0
BRDA:4,9,0,0
BRDA:4,9,1,0
BRDA:4,10,0,0
BRDA:4,10,1,0
BRDA:4,11,0,0
BRDA:4,11,1,0
BRDA:4,12,0,0
BRDA:4,12,1,0
BRDA:4,12,2,0
BRDA:4,13,0,0
BRDA:4,13,1,0
BRDA:4,14,0,0
BRDA:4,14,1,0
BRDA:4,15,0,0
BRDA:4,15,1,0
BRDA:4,16,0,0
BRDA:4,16,1,0
BRDA:4,17,0,0
BRDA:4,17,1,0
BRDA:42,18,0,0
BRDA:42,18,1,0
BRDA:64,19,0,0
BRDA:64,19,1,0
BRDA:66,20,0,0
BRDA:66,20,1,0
BRDA:68,21,0,0
BRDA:68,21,1,0
BRDA:77,22,0,0
BRDA:77,22,1,0
BRDA:79,23,0,0
BRDA:79,23,1,0
BRF:49
BRH:0
end_of_record
TN:
SF:C:\Users\MSI-TITAN-6QE\Desktop\homatching\src\index.js
FN:22,_interopRequireDefault
FN:84,(anonymous_1)
FNF:2
FNH:0
FNDA:0,_interopRequireDefault
FNDA:0,(anonymous_1)
DA:1,0
DA:2,0
DA:3,0
DA:7,0
DA:8,0
DA:9,0
DA:10,0
DA:15,0
DA:17,0
DA:18,0
DA:22,0
DA:26,0
DA:29,0
DA:30,0
DA:31,0
DA:32,0
DA:84,0
DA:87,0
DA:91,0
DA:92,0
DA:95,0
DA:99,0
DA:100,0
DA:101,0
DA:102,0
DA:103,0
DA:105,0
DA:106,0
DA:107,0
DA:113,0
DA:116,0
DA:117,0
DA:119,0
DA:121,0
DA:123,0
DA:124,0
DA:125,0
DA:126,0
DA:128,0
DA:135,0
LF:40
LH:0
BRDA:22,0,0,0
BRDA:22,0,1,0
BRDA:22,1,0,0
BRDA:22,1,1,0
BRDA:91,2,0,0
BRDA:91,2,1,0
BRDA:100,3,0,0
BRDA:100,3,1,0
BRF:8
BRH:0
end_of_record
TN:
SF:C:\Users\MSI-TITAN-6QE\Desktop\homatching\src\indexdefault.js
FN:8,_interopRequireDefault
FN:19,(anonymous_1)
FNF:2
FNH:0
FNDA:0,_interopRequireDefault
FNDA:0,(anonymous_1)
DA:1,0
DA:2,0
DA:3,0
DA:4,0
DA:6,0
DA:7,0
DA:8,0
DA:10,0
DA:18,0
DA:19,0
DA:20,0
DA:22,0
LF:12
LH:0
BRDA:8,0,0,0
BRDA:8,0,1,0
BRDA:8,1,0,0
BRDA:8,1,1,0
BRDA:18,2,0,0
BRDA:18,2,1,0
BRF:6
BRH:0
end_of_record
TN:
SF:C:\Users\MSI-TITAN-6QE\Desktop\homatching\src\components\Link.react.js
FN:11,(anonymous_0)
FN:22,(anonymous_1)
FN:26,(anonymous_2)
FN:30,(anonymous_3)
FNF:4
FNH:4
FNDA:1,(anonymous_0)
FNDA:1,(anonymous_1)
FNDA:1,(anonymous_2)
FNDA:3,(anonymous_3)
DA:4,1
DA:12,1
DA:14,1
DA:15,1
DA:17,1
DA:23,1
DA:27,1
DA:31,3
LF:8
LH:8
BRDA:34,0,0,3
BRDA:34,0,1,0
BRF:2
BRH:1
end_of_record
TN:
SF:C:\Users\MSI-TITAN-6QE\Desktop\homatching\src\components\agentAppView.js
FN:14,(anonymous_0)
FN:18,(anonymous_1)
FN:22,(anonymous_2)
FN:26,(anonymous_3)
FN:30,(anonymous_4)
FN:34,(anonymous_5)
FN:38,(anonymous_6)
FN:39,(anonymous_7)
FN:45,(anonymous_8)
FN:50,(anonymous_9)
FN:57,(anonymous_10)
FNF:11
FNH:0
FNDA:0,(anonymous_0)
FNDA:0,(anonymous_1)
FNDA:0,(anonymous_2)
FNDA:0,(anonymous_3)
FNDA:0,(anonymous_4)
FNDA:0,(anonymous_5)
FNDA:0,(anonymous_6)
FNDA:0,(anonymous_7)
FNDA:0,(anonymous_8)
FNDA:0,(anonymous_9)
FNDA:0,(anonymous_10)
DA:15,0
DA:19,0
DA:23,0
DA:27,0
DA:31,0
DA:35,0
DA:39,0
DA:40,0
DA:41,0
DA:46,0
DA:47,0
DA:51,0
DA:52,0
DA:55,0
DA:57,0
LF:15
LH:0
BRF:0
BRH:0
end_of_record
TN:
SF:C:\Users\MSI-TITAN-6QE\Desktop\homatching\src\components\frontPageDisplay.js
FN:1,(anonymous_0)
FN:1,defineProperties
FN:1,(anonymous_2)
FN:1,_interopRequireDefault
FN:1,_classCallCheck
FN:1,_possibleConstructorReturn
FN:1,_inherits
FN:4,(anonymous_7)
FN:4,FrontPageDisplay
FN:7,componentDidMount
FN:11,(anonymous_10)
FN:16,render
FN:27,beforeChange
FN:28,afterChange
FN:30,(anonymous_14)
FN:35,onLoad
FNF:16
FNH:0
FNDA:0,(anonymous_0)
FNDA:0,defineProperties
FNDA:0,(anonymous_2)
FNDA:0,_interopRequireDefault
FNDA:0,_classCallCheck
FNDA:0,_possibleConstructorReturn
FNDA:0,_inherits
FNDA:0,(anonymous_7)
FNDA:0,FrontPageDisplay
FNDA:0,componentDidMount
FNDA:0,(anonymous_10)
FNDA:0,render
FNDA:0,beforeChange
FNDA:0,afterChange
FNDA:0,(anonymous_14)
FNDA:0,onLoad
DA:1,0
DA:4,0
DA:7,0
DA:9,0
DA:11,0
DA:12,0
DA:17,0
DA:18,0
DA:19,0
DA:27,0
DA:28,0
DA:30,0
DA:37,0
DA:38,0
DA:48,0
LF:15
LH:0
BRDA:1,0,0,0
BRDA:1,0,1,0
BRDA:1,1,0,0
BRDA:1,1,1,0
BRDA:1,2,0,0
BRDA:1,2,1,0
BRDA:1,3,0,0
BRDA:1,3,1,0
BRDA:1,4,0,0
BRDA:1,4,1,0
BRDA:1,5,0,0
BRDA:1,5,1,0
BRDA:1,6,0,0
BRDA:1,6,1,0
BRDA:1,7,0,0
BRDA:1,7,1,0
BRDA:1,8,0,0
BRDA:1,8,1,0
BRDA:1,9,0,0
BRDA:1,9,1,0
BRDA:1,9,2,0
BRDA:1,10,0,0
BRDA:1,10,1,0
BRDA:1,11,0,0
BRDA:1,11,1,0
BRDA:1,12,0,0
BRDA:1,12,1,0
BRDA:1,13,0,0
BRDA:1,13,1,0
BRDA:1,14,0,0
BRDA:1,14,1,0
BRDA:4,15,0,0
BRDA:4,15,1,0
BRDA:18,16,0,0
BRDA:18,16,1,0
BRDA:33,17,0,0
BRDA:33,17,1,0
BRF:37
BRH:0
end_of_record
TN:
SF:C:\Users\MSI-TITAN-6QE\Desktop\homatching\src\components\frontPagePanelViewSegment.js
FN:1,(anonymous_0)
FN:1,defineProperties
FN:1,(anonymous_2)
FN:5,_interopRequireDefault
FN:5,_classCallCheck
FN:5,_possibleConstructorReturn
FN:5,_inherits
FN:11,(anonymous_7)
FN:11,FrontPapePanelViewSegment
FN:17,(anonymous_9)
FN:23,(anonymous_10)
FN:27,(anonymous_11)
FN:43,render
FNF:13
FNH:0
FNDA:0,(anonymous_0)
FNDA:0,defineProperties
FNDA:0,(anonymous_2)
FNDA:0,_interopRequireDefault
FNDA:0,_classCallCheck
FNDA:0,_possibleConstructorReturn
FNDA:0,_inherits
FNDA:0,(anonymous_7)
FNDA:0,FrontPapePanelViewSegment
FNDA:0,(anonymous_9)
FNDA:0,(anonymous_10)
FNDA:0,(anonymous_11)
FNDA:0,render
DA:1,0
DA:2,0
DA:3,0
DA:4,0
DA:5,0
DA:9,0
DA:11,0
DA:18,0
DA:21,0
DA:24,0
DA:28,0
DA:30,0
DA:31,0
DA:32,0
DA:34,0
DA:35,0
DA:37,0
DA:38,0
DA:40,0
DA:41,0
DA:43,0
DA:51,0
DA:57,0
LF:23
LH:0
BRDA:1,0,0,0
BRDA:1,0,1,0
BRDA:1,1,0,0
BRDA:1,1,1,0
BRDA:1,2,0,0
BRDA:1,2,1,0
BRDA:1,3,0,0
BRDA:1,3,1,0
BRDA:5,4,0,0
BRDA:5,4,1,0
BRDA:5,5,0,0
BRDA:5,5,1,0
BRDA:5,6,0,0
BRDA:5,6,1,0
BRDA:5,7,0,0
BRDA:5,7,1,0
BRDA:5,8,0,0
BRDA:5,8,1,0
BRDA:5,9,0,0
BRDA:5,9,1,0
BRDA:5,9,2,0
BRDA:5,10,0,0
BRDA:5,10,1,0
BRDA:5,11,0,0
BRDA:5,11,1,0
BRDA:5,12,0,0
BRDA:5,12,1,0
BRDA:5,13,0,0
BRDA:5,13,1,0
BRDA:5,14,0,0
BRDA:5,14,1,0
BRDA:11,15,0,0
BRDA:11,15,1,0
BRDA:31,16,0,0
BRDA:31,16,1,0
BRDA:34,17,0,0
BRDA:34,17,1,0
BRDA:37,18,0,0
BRDA:37,18,1,0
BRDA:40,19,0,0
BRDA:40,19,1,0
BRF:41
BRH:0
end_of_record
TN:
SF:C:\Users\MSI-TITAN-6QE\Desktop\homatching\src\components\frontPageTabBar.js
FN:8,(anonymous_0)
FN:16,(anonymous_1)
FN:21,(anonymous_2)
FN:34,(anonymous_3)
FN:59,(anonymous_4)
FN:74,(anonymous_5)
FN:101,(anonymous_6)
FN:114,(anonymous_7)
FNF:8
FNH:0
FNDA:0,(anonymous_0)
FNDA:0,(anonymous_1)
FNDA:0,(anonymous_2)
FNDA:0,(anonymous_3)
FNDA:0,(anonymous_4)
FNDA:0,(anonymous_5)
FNDA:0,(anonymous_6)
FNDA:0,(anonymous_7)
DA:9,0
DA:10,0
DA:17,0
DA:22,0
DA:23,0
DA:35,0
DA:60,0
DA:75,0
DA:102,0
DA:115,0
LF:10
LH:0
BRF:0
BRH:0
end_of_record
TN:
SF:C:\Users\MSI-TITAN-6QE\Desktop\homatching\src\components\frontPageView.js
FN:16,(anonymous_0)
FN:20,(anonymous_1)
FN:24,(anonymous_2)
FN:28,(anonymous_3)
FN:32,(anonymous_4)
FN:36,(anonymous_5)
FN:40,(anonymous_6)
FN:41,(anonymous_7)
FN:47,(anonymous_8)
FN:52,(anonymous_9)
FN:56,(anonymous_10)
FN:62,(anonymous_11)
FN:75,(anonymous_12)
FN:78,(anonymous_13)
FN:81,(anonymous_14)
FN:84,(anonymous_15)
FN:87,(anonymous_16)
FN:90,(anonymous_17)
FNF:18
FNH:0
FNDA:0,(anonymous_0)
FNDA:0,(anonymous_1)
FNDA:0,(anonymous_2)
FNDA:0,(anonymous_3)
FNDA:0,(anonymous_4)
FNDA:0,(anonymous_5)
FNDA:0,(anonymous_6)
FNDA:0,(anonymous_7)
FNDA:0,(anonymous_8)
FNDA:0,(anonymous_9)
FNDA:0,(anonymous_10)
FNDA:0,(anonymous_11)
FNDA:0,(anonymous_12)
FNDA:0,(anonymous_13)
FNDA:0,(anonymous_14)
FNDA:0,(anonymous_15)
FNDA:0,(anonymous_16)
FNDA:0,(anonymous_17)
DA:17,0
DA:21,0
DA:25,0
DA:29,0
DA:33,0
DA:37,0
DA:41,0
DA:42,0
DA:43,0
DA:48,0
DA:49,0
DA:53,0
DA:54,0
DA:56,0
DA:63,0
DA:64,0
DA:69,0
DA:75,0
DA:78,0
DA:81,0
DA:84,0
DA:87,0
DA:90,0
LF:23
LH:0
BRDA:53,0,0,0
BRDA:53,0,1,0
BRF:2
BRH:0
end_of_record
TN:
SF:C:\Users\MSI-TITAN-6QE\Desktop\homatching\src\components\listOfPropertysView.js
FN:28,(anonymous_0)
FN:32,(anonymous_1)
FN:36,(anonymous_2)
FN:37,(anonymous_3)
FN:43,(anonymous_4)
FN:52,(anonymous_5)
FN:66,(anonymous_6)
FN:76,(anonymous_7)
FN:81,(anonymous_8)
FN:88,(anonymous_9)
FN:93,(anonymous_10)
FN:97,(anonymous_11)
FN:98,(anonymous_12)
FN:100,(anonymous_13)
FN:117,(anonymous_14)
FN:122,(anonymous_15)
FN:129,(anonymous_16)
FN:134,(anonymous_17)
FN:138,(anonymous_18)
FN:139,(anonymous_19)
FN:141,(anonymous_20)
FN:155,(anonymous_21)
FN:160,(anonymous_22)
FN:167,(anonymous_23)
FN:172,(anonymous_24)
FN:176,(anonymous_25)
FN:177,(anonymous_26)
FN:179,(anonymous_27)
FN:194,(anonymous_28)
FN:199,(anonymous_29)
FN:206,(anonymous_30)
FN:211,(anonymous_31)
FN:215,(anonymous_32)
FN:216,(anonymous_33)
FN:218,(anonymous_34)
FN:231,(anonymous_35)
FN:247,(anonymous_36)
FNF:37
FNH:0
FNDA:0,(anonymous_0)
FNDA:0,(anonymous_1)
FNDA:0,(anonymous_2)
FNDA:0,(anonymous_3)
FNDA:0,(anonymous_4)
FNDA:0,(anonymous_5)
FNDA:0,(anonymous_6)
FNDA:0,(anonymous_7)
FNDA:0,(anonymous_8)
FNDA:0,(anonymous_9)
FNDA:0,(anonymous_10)
FNDA:0,(anonymous_11)
FNDA:0,(anonymous_12)
FNDA:0,(anonymous_13)
FNDA:0,(anonymous_14)
FNDA:0,(anonymous_15)
FNDA:0,(anonymous_16)
FNDA:0,(anonymous_17)
FNDA:0,(anonymous_18)
FNDA:0,(anonymous_19)
FNDA:0,(anonymous_20)
FNDA:0,(anonymous_21)
FNDA:0,(anonymous_22)
FNDA:0,(anonymous_23)
FNDA:0,(anonymous_24)
FNDA:0,(anonymous_25)
FNDA:0,(anonymous_26)
FNDA:0,(anonymous_27)
FNDA:0,(anonymous_28)
FNDA:0,(anonymous_29)
FNDA:0,(anonymous_30)
FNDA:0,(anonymous_31)
FNDA:0,(anonymous_32)
FNDA:0,(anonymous_33)
FNDA:0,(anonymous_34)
FNDA:0,(anonymous_35)
FNDA:0,(anonymous_36)
DA:11,1
DA:12,1
DA:29,0
DA:33,0
DA:37,0
DA:38,0
DA:44,0
DA:54,0
DA:57,0
DA:59,0
DA:62,0
DA:64,0
DA:65,0
DA:66,0
DA:67,0
DA:68,0
DA:76,0
DA:81,0
DA:88,0
DA:93,0
DA:97,0
DA:98,0
DA:100,0
DA:108,0
DA:109,0
DA:117,0
DA:122,0
DA:129,0
DA:134,0
DA:138,0
DA:139,0
DA:141,0
DA:146,0
DA:147,0
DA:155,0
DA:160,0
DA:167,0
DA:172,0
DA:176,0
DA:177,0
DA:179,0
DA:185,0
DA:186,0
DA:194,0
DA:199,0
DA:206,0
DA:211,0
DA:215,0
DA:216,0
DA:218,0
DA:228,0
DA:234,0
DA:239,0
DA:240,0
DA:242,0
DA:247,0
LF:56
LH:2
BRDA:57,0,0,0
BRDA:57,0,1,0
BRDA:67,1,0,0
BRDA:67,1,1,0
BRDA:108,2,0,0
BRDA:108,2,1,0
BRDA:146,3,0,0
BRDA:146,3,1,0
BRDA:185,4,0,0
BRDA:185,4,1,0
BRF:10
BRH:0
end_of_record
TN:
SF:C:\Users\MSI-TITAN-6QE\Desktop\homatching\src\components\loginChoice.js
FN:1,(anonymous_0)
FN:1,defineProperties
FN:1,(anonymous_2)
FN:2,_interopRequireDefault
FN:2,_classCallCheck
FN:2,_possibleConstructorReturn
FN:2,_inherits
FN:7,(anonymous_7)
FN:7,App
FN:12,(anonymous_9)
FN:19,(anonymous_10)
FN:23,render
FNF:12
FNH:0
FNDA:0,(anonymous_0)
FNDA:0,defineProperties
FNDA:0,(anonymous_2)
FNDA:0,_interopRequireDefault
FNDA:0,_classCallCheck
FNDA:0,_possibleConstructorReturn
FNDA:0,_inherits
FNDA:0,(anonymous_7)
FNDA:0,App
FNDA:0,(anonymous_9)
FNDA:0,(anonymous_10)
FNDA:0,render
DA:1,0
DA:2,0
DA:5,0
DA:7,0
DA:14,0
DA:20,0
DA:23,0
DA:25,0
DA:26,0
DA:27,0
DA:29,0
DA:67,0
LF:12
LH:0
BRDA:1,0,0,0
BRDA:1,0,1,0
BRDA:1,1,0,0
BRDA:1,1,1,0
BRDA:1,2,0,0
BRDA:1,2,1,0
BRDA:1,3,0,0
BRDA:1,3,1,0
BRDA:2,4,0,0
BRDA:2,4,1,0
BRDA:2,5,0,0
BRDA:2,5,1,0
BRDA:2,6,0,0
BRDA:2,6,1,0
BRDA:2,7,0,0
BRDA:2,7,1,0
BRDA:2,8,0,0
BRDA:2,8,1,0
BRDA:2,9,0,0
BRDA:2,9,1,0
BRDA:2,9,2,0
BRDA:2,10,0,0
BRDA:2,10,1,0
BRDA:2,11,0,0
BRDA:2,11,1,0
BRDA:2,12,0,0
BRDA:2,12,1,0
BRDA:2,13,0,0
BRDA:2,13,1,0
BRDA:2,14,0,0
BRDA:2,14,1,0
BRDA:7,15,0,0
BRDA:7,15,1,0
BRDA:26,16,0,0
BRDA:26,16,1,0
BRF:35
BRH:0
end_of_record
TN:
SF:C:\Users\MSI-TITAN-6QE\Desktop\homatching\src\components\navigationBar.js
FN:13,(anonymous_0)
FN:23,(anonymous_1)
FN:57,(anonymous_2)
FN:64,(anonymous_3)
FN:71,(anonymous_4)
FN:77,(anonymous_5)
FN:123,(anonymous_6)
FNF:7
FNH:3
FNDA:1,(anonymous_0)
FNDA:0,(anonymous_1)
FNDA:0,(anonymous_2)
FNDA:0,(anonymous_3)
FNDA:0,(anonymous_4)
FNDA:1,(anonymous_5)
FNDA:1,(anonymous_6)
DA:8,1
DA:14,1
DA:15,1
DA:24,0
DA:26,0
DA:27,0
DA:28,0
DA:32,0
DA:33,0
DA:34,0
DA:38,0
DA:39,0
DA:40,0
DA:44,0
DA:45,0
DA:46,0
DA:52,0
DA:58,0
DA:65,0
DA:66,0
DA:67,0
DA:72,0
DA:73,0
DA:74,0
DA:79,1
DA:80,1
DA:81,1
DA:82,0
DA:85,1
DA:86,0
DA:89,1
DA:124,1
DA:126,1
DA:133,1
DA:135,0
DA:137,1
DA:144,1
LF:37
LH:13
BRDA:26,0,0,0
BRDA:26,0,1,0
BRDA:32,1,0,0
BRDA:32,1,1,0
BRDA:38,2,0,0
BRDA:38,2,1,0
BRDA:44,3,0,0
BRDA:44,3,1,0
BRDA:81,4,0,0
BRDA:81,4,1,1
BRDA:85,5,0,0
BRDA:85,5,1,1
BRDA:133,6,0,0
BRDA:133,6,1,1
BRF:14
BRH:3
end_of_record
TN:
SF:C:\Users\MSI-TITAN-6QE\Desktop\homatching\src\components\sum.js
FN:1,sum
FNF:1
FNH:1
FNDA:1,sum
DA:2,1
DA:4,1
LF:2
LH:2
BRF:0
BRH:0
end_of_record
TN:
SF:C:\Users\MSI-TITAN-6QE\Desktop\homatching\src\components\views.js
FN:53,(anonymous_0)
FN:56,(anonymous_1)
FN:65,(anonymous_2)
FN:68,(anonymous_3)
FN:77,(anonymous_4)
FN:90,(anonymous_5)
FN:97,(anonymous_6)
FN:103,(anonymous_7)
FN:110,(anonymous_8)
FN:117,(anonymous_9)
FN:123,(anonymous_10)
FN:130,(anonymous_11)
FN:137,(anonymous_12)
FN:143,(anonymous_13)
FN:150,(anonymous_14)
FN:157,(anonymous_15)
FN:163,(anonymous_16)
FN:170,(anonymous_17)
FN:178,(anonymous_18)
FN:184,(anonymous_19)
FN:191,(anonymous_20)
FN:198,(anonymous_21)
FN:204,(anonymous_22)
FN:211,(anonymous_23)
FN:215,(anonymous_24)
FN:224,(anonymous_25)
FN:228,(anonymous_26)
FN:237,(anonymous_27)
FN:240,(anonymous_28)
FN:249,(anonymous_29)
FN:253,(anonymous_30)
FN:262,(anonymous_31)
FN:266,(anonymous_32)
FN:275,(anonymous_33)
FN:288,(anonymous_34)
FN:295,(anonymous_35)
FN:301,(anonymous_36)
FN:307,(anonymous_37)
FN:311,(anonymous_38)
FN:320,(anonymous_39)
FN:324,(anonymous_40)
FN:333,(anonymous_41)
FN:337,(anonymous_42)
FN:346,(anonymous_43)
FN:350,(anonymous_44)
FNF:45
FNH:0
FNDA:0,(anonymous_0)
FNDA:0,(anonymous_1)
FNDA:0,(anonymous_2)
FNDA:0,(anonymous_3)
FNDA:0,(anonymous_4)
FNDA:0,(anonymous_5)
FNDA:0,(anonymous_6)
FNDA:0,(anonymous_7)
FNDA:0,(anonymous_8)
FNDA:0,(anonymous_9)
FNDA:0,(anonymous_10)
FNDA:0,(anonymous_11)
FNDA:0,(anonymous_12)
FNDA:0,(anonymous_13)
FNDA:0,(anonymous_14)
FNDA:0,(anonymous_15)
FNDA:0,(anonymous_16)
FNDA:0,(anonymous_17)
FNDA:0,(anonymous_18)
FNDA:0,(anonymous_19)
FNDA:0,(anonymous_20)
FNDA:0,(anonymous_21)
FNDA:0,(anonymous_22)
FNDA:0,(anonymous_23)
FNDA:0,(anonymous_24)
FNDA:0,(anonymous_25)
FNDA:0,(anonymous_26)
FNDA:0,(anonymous_27)
FNDA:0,(anonymous_28)
FNDA:0,(anonymous_29)
FNDA:0,(anonymous_30)
FNDA:0,(anonymous_31)
FNDA:0,(anonymous_32)
FNDA:0,(anonymous_33)
FNDA:0,(anonymous_34)
FNDA:0,(anonymous_35)
FNDA:0,(anonymous_36)
FNDA:0,(anonymous_37)
FNDA:0,(anonymous_38)
FNDA:0,(anonymous_39)
FNDA:0,(anonymous_40)
FNDA:0,(anonymous_41)
FNDA:0,(anonymous_42)
FNDA:0,(anonymous_43)
FNDA:0,(anonymous_44)
DA:47,1
DA:49,1
DA:54,0
DA:57,0
DA:58,0
DA:59,0
DA:66,0
DA:69,0
DA:70,0
DA:71,0
DA:79,0
DA:80,0
DA:81,0
DA:83,0
DA:85,0
DA:86,0
DA:87,0
DA:91,0
DA:92,0
DA:93,0
DA:94,0
DA:98,0
DA:99,0
DA:100,0
DA:101,0
DA:104,0
DA:111,0
DA:112,0
DA:113,0
DA:114,0
DA:115,0
DA:118,0
DA:119,0
DA:121,0
DA:124,0
DA:131,0
DA:132,0
DA:133,0
DA:134,0
DA:135,0
DA:138,0
DA:139,0
DA:141,0
DA:144,0
DA:151,0
DA:152,0
DA:153,0
DA:154,0
DA:155,0
DA:158,0
DA:159,0
DA:161,0
DA:164,0
DA:171,0
DA:172,0
DA:173,0
DA:174,0
DA:175,0
DA:176,0
DA:179,0
DA:180,0
DA:182,0
DA:185,0
DA:192,0
DA:193,0
DA:194,0
DA:195,0
DA:196,0
DA:199,0
DA:200,0
DA:202,0
DA:205,0
DA:212,0
DA:216,0
DA:217,0
DA:218,0
DA:225,0
DA:229,0
DA:230,0
DA:231,0
DA:238,0
DA:241,0
DA:242,0
DA:243,0
DA:250,0
DA:254,0
DA:255,0
DA:256,0
DA:263,0
DA:267,0
DA:268,0
DA:269,0
DA:277,0
DA:278,0
DA:279,0
DA:281,0
DA:283,0
DA:284,0
DA:285,0
DA:289,0
DA:290,0
DA:291,0
DA:292,0
DA:296,0
DA:297,0
DA:298,0
DA:299,0
DA:302,0
DA:308,0
DA:312,0
DA:313,0
DA:314,0
DA:321,0
DA:325,0
DA:326,0
DA:327,0
DA:334,0
DA:338,0
DA:339,0
DA:340,0
DA:347,0
DA:351,0
DA:352,0
DA:353,0
LF:124
LH:2
BRDA:81,0,0,0
BRDA:81,0,1,0
BRDA:85,1,0,0
BRDA:85,1,1,0
BRDA:92,2,0,0
BRDA:92,2,1,0
BRDA:279,3,0,0
BRDA:279,3,1,0
BRDA:283,4,0,0
BRDA:283,4,1,0
BRDA:290,5,0,0
BRDA:290,5,1,0
BRF:12
BRH:0
end_of_record
TN:
SF:C:\Users\MSI-TITAN-6QE\Desktop\homatching\src\components\chatbot\bmiChatbot.js
FN:1,(anonymous_0)
FN:1,defineProperties
FN:1,(anonymous_2)
FN:3,_interopRequireDefault
FN:3,_classCallCheck
FN:3,_possibleConstructorReturn
FN:3,_inherits
FN:5,BMI
FN:35,(anonymous_8)
FN:35,BMIChatbot
FN:35,render
FN:37,validator
FNF:12
FNH:0
FNDA:0,(anonymous_0)
FNDA:0,defineProperties
FNDA:0,(anonymous_2)
FNDA:0,_interopRequireDefault
FNDA:0,_classCallCheck
FNDA:0,_possibleConstructorReturn
FNDA:0,_inherits
FNDA:0,BMI
FNDA:0,(anonymous_8)
FNDA:0,BMIChatbot
FNDA:0,render
FNDA:0,validator
DA:1,0
DA:2,0
DA:3,0
DA:5,0
DA:6,0
DA:7,0
DA:8,0
DA:9,0
DA:10,0
DA:12,0
DA:13,0
DA:14,0
DA:15,0
DA:16,0
DA:17,0
DA:20,0
DA:27,0
DA:31,0
DA:35,0
DA:38,0
DA:39,0
DA:40,0
DA:41,0
DA:44,0
DA:47,0
DA:95,0
LF:26
LH:0
BRDA:1,0,0,0
BRDA:1,0,1,0
BRDA:1,1,0,0
BRDA:1,1,1,0
BRDA:1,2,0,0
BRDA:1,2,1,0
BRDA:1,3,0,0
BRDA:1,3,1,0
BRDA:3,4,0,0
BRDA:3,4,1,0
BRDA:3,5,0,0
BRDA:3,5,1,0
BRDA:3,6,0,0
BRDA:3,6,1,0
BRDA:3,7,0,0
BRDA:3,7,1,0
BRDA:3,8,0,0
BRDA:3,8,1,0
BRDA:3,9,0,0
BRDA:3,9,1,0
BRDA:3,9,2,0
BRDA:3,10,0,0
BRDA:3,10,1,0
BRDA:3,11,0,0
BRDA:3,11,1,0
BRDA:3,12,0,0
BRDA:3,12,1,0
BRDA:3,13,0,0
BRDA:3,13,1,0
BRDA:3,14,0,0
BRDA:3,14,1,0
BRDA:12,15,0,0
BRDA:12,15,1,0
BRDA:12,16,0,0
BRDA:12,16,1,0
BRDA:14,17,0,0
BRDA:14,17,1,0
BRDA:14,18,0,0
BRDA:14,18,1,0
BRDA:16,19,0,0
BRDA:16,19,1,0
BRDA:35,20,0,0
BRDA:35,20,1,0
BRDA:38,21,0,0
BRDA:38,21,1,0
BRDA:40,22,0,0
BRDA:40,22,1,0
BRF:47
BRH:0
end_of_record
TN:
SF:C:\Users\MSI-TITAN-6QE\Desktop\homatching\src\components\chatbot\formSaleChatbot.js
FN:1,(anonymous_0)
FN:1,defineProperties
FN:1,(anonymous_2)
FN:3,_interopRequireDefault
FN:3,_classCallCheck
FN:3,_possibleConstructorReturn
FN:3,_inherits
FN:5,(anonymous_7)
FN:6,Review
FN:14,componentWillMount
FN:21,render
FN:44,(anonymous_11)
FN:44,FormSaleChatbot
FN:44,render
FN:80,validator
FNF:15
FNH:0
FNDA:0,(anonymous_0)
FNDA:0,defineProperties
FNDA:0,(anonymous_2)
FNDA:0,_interopRequireDefault
FNDA:0,_classCallCheck
FNDA:0,_possibleConstructorReturn
FNDA:0,_inherits
FNDA:0,(anonymous_7)
FNDA:0,Review
FNDA:0,componentWillMount
FNDA:0,render
FNDA:0,(anonymous_11)
FNDA:0,FormSaleChatbot
FNDA:0,render
FNDA:0,validator
DA:1,0
DA:2,0
DA:3,0
DA:5,0
DA:6,0
DA:9,0
DA:12,0
DA:14,0
DA:17,0
DA:18,0
DA:20,0
DA:24,0
DA:25,0
DA:33,0
DA:36,0
DA:40,0
DA:44,0
DA:46,0
DA:81,0
DA:82,0
DA:83,0
DA:84,0
DA:85,0
DA:86,0
DA:89,0
DA:151,0
LF:26
LH:0
BRDA:1,0,0,0
BRDA:1,0,1,0
BRDA:1,1,0,0
BRDA:1,1,1,0
BRDA:1,2,0,0
BRDA:1,2,1,0
BRDA:1,3,0,0
BRDA:1,3,1,0
BRDA:3,4,0,0
BRDA:3,4,1,0
BRDA:3,5,0,0
BRDA:3,5,1,0
BRDA:3,6,0,0
BRDA:3,6,1,0
BRDA:3,7,0,0
BRDA:3,7,1,0
BRDA:3,8,0,0
BRDA:3,8,1,0
BRDA:3,9,0,0
BRDA:3,9,1,0
BRDA:3,9,2,0
BRDA:3,10,0,0
BRDA:3,10,1,0
BRDA:3,11,0,0
BRDA:3,11,1,0
BRDA:3,12,0,0
BRDA:3,12,1,0
BRDA:3,13,0,0
BRDA:3,13,1,0
BRDA:3,14,0,0
BRDA:3,14,1,0
BRDA:6,15,0,0
BRDA:6,15,1,0
BRDA:44,16,0,0
BRDA:44,16,1,0
BRDA:81,17,0,0
BRDA:81,17,1,0
BRDA:83,18,0,0
BRDA:83,18,1,0
BRDA:85,19,0,0
BRDA:85,19,1,0
BRF:41
BRH:0
end_of_record
TN:
SF:C:\Users\MSI-TITAN-6QE\Desktop\homatching\src\components\control\controlAgentView.js
FN:25,(anonymous_0)
FN:40,(anonymous_1)
FN:55,(anonymous_2)
FN:96,(anonymous_3)
FNF:4
FNH:0
FNDA:0,(anonymous_0)
FNDA:0,(anonymous_1)
FNDA:0,(anonymous_2)
FNDA:0,(anonymous_3)
DA:9,1
DA:25,1
DA:26,0
DA:41,0
DA:43,0
DA:49,0
DA:57,0
DA:60,0
DA:61,0
DA:62,0
DA:64,0
DA:67,0
DA:69,0
DA:76,0
DA:98,0
DA:99,0
DA:100,0
DA:105,0
DA:106,0
DA:107,0
DA:108,0
DA:110,0
DA:111,0
DA:112,0
DA:113,0
DA:115,0
DA:116,0
DA:137,0
DA:159,1
LF:29
LH:3
BRDA:67,0,0,0
BRDA:67,0,1,0
BRDA:115,1,0,0
BRDA:115,1,1,0
BRF:4
BRH:0
end_of_record
TN:
SF:C:\Users\MSI-TITAN-6QE\Desktop\homatching\src\components\control\controlBuyView.js
FN:23,(anonymous_0)
FN:38,(anonymous_1)
FNF:2
FNH:0
FNDA:0,(anonymous_0)
FNDA:0,(anonymous_1)
DA:11,1
DA:12,1
DA:24,0
DA:31,0
DA:39,0
DA:41,0
DA:42,0
DA:44,0
DA:45,0
DA:49,0
DA:50,0
DA:51,0
DA:59,0
DA:106,1
LF:14
LH:3
BRF:0
BRH:0
end_of_record
TN:
SF:C:\Users\MSI-TITAN-6QE\Desktop\homatching\src\components\control\controlLeaseView.js
FN:24,(anonymous_0)
FN:40,(anonymous_1)
FN:48,(anonymous_2)
FN:59,(anonymous_3)
FNF:4
FNH:0
FNDA:0,(anonymous_0)
FNDA:0,(anonymous_1)
FNDA:0,(anonymous_2)
FNDA:0,(anonymous_3)
DA:12,1
DA:13,1
DA:25,0
DA:32,0
DA:42,0
DA:44,0
DA:45,0
DA:51,0
DA:52,0
DA:55,0
DA:56,0
DA:60,0
DA:62,0
DA:63,0
DA:65,0
DA:66,0
DA:70,0
DA:71,0
DA:72,0
DA:81,0
DA:128,1
LF:21
LH:3
BRF:0
BRH:0
end_of_record
TN:
SF:C:\Users\MSI-TITAN-6QE\Desktop\homatching\src\components\control\controlRentView.js
FN:24,(anonymous_0)
FN:41,(anonymous_1)
FN:52,(anonymous_2)
FN:61,(anonymous_3)
FNF:4
FNH:0
FNDA:0,(anonymous_0)
FNDA:0,(anonymous_1)
FNDA:0,(anonymous_2)
FNDA:0,(anonymous_3)
DA:12,1
DA:13,1
DA:25,0
DA:27,0
DA:35,0
DA:36,0
DA:43,0
DA:45,0
DA:47,0
DA:48,0
DA:54,0
DA:55,0
DA:57,0
DA:58,0
DA:62,0
DA:63,0
DA:64,0
DA:66,0
DA:67,0
DA:71,0
DA:72,0
DA:73,0
DA:75,0
DA:85,0
DA:86,0
DA:90,0
DA:135,1
LF:27
LH:3
BRDA:85,0,0,0
BRDA:85,0,1,0
BRF:2
BRH:0
end_of_record
TN:
SF:C:\Users\MSI-TITAN-6QE\Desktop\homatching\src\components\control\controlSaleView.js
FN:23,(anonymous_0)
FN:33,(anonymous_1)
FNF:2
FNH:0
FNDA:0,(anonymous_0)
FNDA:0,(anonymous_1)
DA:11,1
DA:12,1
DA:24,0
DA:26,0
DA:34,0
DA:36,0
DA:37,0
DA:39,0
DA:40,0
DA:44,0
DA:45,0
DA:46,0
DA:54,0
DA:101,1
LF:14
LH:3
BRF:0
BRH:0
end_of_record
TN:
SF:C:\Users\MSI-TITAN-6QE\Desktop\homatching\src\components\control\controlTemp.js
FN:1,(anonymous_0)
FN:1,(anonymous_1)
FN:1,defineProperties
FN:1,(anonymous_3)
FN:7,_interopRequireDefault
FN:7,_classCallCheck
FN:7,_possibleConstructorReturn
FN:7,_inherits
FN:25,CustomChildren
FN:38,(anonymous_9)
FN:40,ControlAgentView
FN:55,(anonymous_11)
FN:95,render
FNF:13
FNH:0
FNDA:0,(anonymous_0)
FNDA:0,(anonymous_1)
FNDA:0,defineProperties
FNDA:0,(anonymous_3)
FNDA:0,_interopRequireDefault
FNDA:0,_classCallCheck
FNDA:0,_possibleConstructorReturn
FNDA:0,_inherits
FNDA:0,CustomChildren
FNDA:0,(anonymous_9)
FNDA:0,ControlAgentView
FNDA:0,(anonymous_11)
FNDA:0,render
DA:1,0
DA:3,0
DA:5,0
DA:6,0
DA:7,0
DA:9,0
DA:25,0
DA:38,0
DA:40,0
DA:41,0
DA:57,0
DA:60,0
DA:61,0
DA:62,0
DA:64,0
DA:67,0
DA:69,0
DA:76,0
DA:84,0
DA:85,0
DA:87,0
DA:98,0
DA:99,0
DA:100,0
DA:105,0
DA:106,0
DA:107,0
DA:108,0
DA:110,0
DA:111,0
DA:112,0
DA:113,0
DA:115,0
DA:116,0
DA:119,0
DA:162,0
DA:166,0
LF:37
LH:0
BRDA:1,0,0,0
BRDA:1,0,1,0
BRDA:1,1,0,0
BRDA:1,1,1,0
BRDA:1,2,0,0
BRDA:1,2,1,0
BRDA:1,3,0,0
BRDA:1,3,1,0
BRDA:1,4,0,0
BRDA:1,4,1,0
BRDA:1,5,0,0
BRDA:1,5,1,0
BRDA:7,6,0,0
BRDA:7,6,1,0
BRDA:7,7,0,0
BRDA:7,7,1,0
BRDA:7,8,0,0
BRDA:7,8,1,0
BRDA:7,9,0,0
BRDA:7,9,1,0
BRDA:7,10,0,0
BRDA:7,10,1,0
BRDA:7,11,0,0
BRDA:7,11,1,0
BRDA:7,11,2,0
BRDA:7,12,0,0
BRDA:7,12,1,0
BRDA:7,13,0,0
BRDA:7,13,1,0
BRDA:7,14,0,0
BRDA:7,14,1,0
BRDA:7,15,0,0
BRDA:7,15,1,0
BRDA:7,16,0,0
BRDA:7,16,1,0
BRDA:38,17,0,0
BRDA:38,17,1,0
BRDA:40,18,0,0
BRDA:40,18,1,0
BRDA:67,19,0,0
BRDA:67,19,1,0
BRDA:115,20,0,0
BRDA:115,20,1,0
BRF:43
BRH:0
end_of_record
TN:
SF:C:\Users\MSI-TITAN-6QE\Desktop\homatching\src\components\form\formAgentFilter.js
FN:29,(anonymous_0)
FN:71,(anonymous_1)
FN:72,(anonymous_2)
FN:80,(anonymous_3)
FN:141,(anonymous_4)
FN:161,(anonymous_5)
FN:166,(anonymous_6)
FN:169,(anonymous_7)
FN:170,(anonymous_8)
FN:198,(anonymous_9)
FN:199,(anonymous_10)
FN:222,(anonymous_11)
FN:234,(anonymous_12)
FN:255,(anonymous_13)
FN:284,(anonymous_14)
FN:285,(anonymous_15)
FN:297,(anonymous_16)
FN:307,(anonymous_17)
FNF:18
FNH:0
FNDA:0,(anonymous_0)
FNDA:0,(anonymous_1)
FNDA:0,(anonymous_2)
FNDA:0,(anonymous_3)
FNDA:0,(anonymous_4)
FNDA:0,(anonymous_5)
FNDA:0,(anonymous_6)
FNDA:0,(anonymous_7)
FNDA:0,(anonymous_8)
FNDA:0,(anonymous_9)
FNDA:0,(anonymous_10)
FNDA:0,(anonymous_11)
FNDA:0,(anonymous_12)
FNDA:0,(anonymous_13)
FNDA:0,(anonymous_14)
FNDA:0,(anonymous_15)
FNDA:0,(anonymous_16)
FNDA:0,(anonymous_17)
DA:29,1
DA:30,0
DA:47,1
DA:49,1
DA:72,0
DA:73,0
DA:81,0
DA:83,0
DA:87,0
DA:88,0
DA:89,0
DA:93,0
DA:98,0
DA:99,0
DA:100,0
DA:102,0
DA:103,0
DA:104,0
DA:111,0
DA:113,0
DA:114,0
DA:115,0
DA:118,0
DA:119,0
DA:121,0
DA:122,0
DA:123,0
DA:126,0
DA:133,0
DA:136,0
DA:142,0
DA:144,0
DA:153,0
DA:167,0
DA:169,0
DA:170,0
DA:171,0
DA:176,0
DA:177,0
DA:181,0
DA:198,0
DA:199,0
DA:223,0
DA:224,0
DA:225,0
DA:227,0
DA:229,0
DA:235,0
DA:255,0
DA:284,0
DA:285,0
DA:297,0
DA:307,0
DA:357,1
LF:54
LH:4
BRDA:223,0,0,0
BRDA:223,0,1,0
BRDA:223,1,0,0
BRDA:223,1,1,0
BRDA:224,2,0,0
BRDA:224,2,1,0
BRF:6
BRH:0
end_of_record
TN:
SF:C:\Users\MSI-TITAN-6QE\Desktop\homatching\src\components\form\formBuyAgentPropertyAntMobile.js
FN:28,(anonymous_0)
FN:70,(anonymous_1)
FN:71,(anonymous_2)
FN:79,(anonymous_3)
FN:85,(anonymous_4)
FN:98,(anonymous_5)
FN:122,(anonymous_6)
FN:182,(anonymous_7)
FN:202,(anonymous_8)
FN:207,(anonymous_9)
FN:210,(anonymous_10)
FN:211,(anonymous_11)
FN:238,(anonymous_12)
FN:239,(anonymous_13)
FN:263,(anonymous_14)
FN:275,(anonymous_15)
FN:296,(anonymous_16)
FN:325,(anonymous_17)
FN:326,(anonymous_18)
FN:338,(anonymous_19)
FN:348,(anonymous_20)
FNF:21
FNH:0
FNDA:0,(anonymous_0)
FNDA:0,(anonymous_1)
FNDA:0,(anonymous_2)
FNDA:0,(anonymous_3)
FNDA:0,(anonymous_4)
FNDA:0,(anonymous_5)
FNDA:0,(anonymous_6)
FNDA:0,(anonymous_7)
FNDA:0,(anonymous_8)
FNDA:0,(anonymous_9)
FNDA:0,(anonymous_10)
FNDA:0,(anonymous_11)
FNDA:0,(anonymous_12)
FNDA:0,(anonymous_13)
FNDA:0,(anonymous_14)
FNDA:0,(anonymous_15)
FNDA:0,(anonymous_16)
FNDA:0,(anonymous_17)
FNDA:0,(anonymous_18)
FNDA:0,(anonymous_19)
FNDA:0,(anonymous_20)
DA:28,1
DA:29,0
DA:46,1
DA:48,1
DA:71,0
DA:72,0
DA:80,0
DA:81,0
DA:82,0
DA:83,0
DA:84,0
DA:85,0
DA:86,0
DA:87,0
DA:88,0
DA:89,0
DA:96,0
DA:97,0
DA:98,0
DA:99,0
DA:100,0
DA:104,0
DA:107,0
DA:112,0
DA:114,0
DA:124,0
DA:126,0
DA:130,0
DA:131,0
DA:132,0
DA:136,0
DA:141,0
DA:142,0
DA:143,0
DA:145,0
DA:146,0
DA:147,0
DA:154,0
DA:156,0
DA:157,0
DA:158,0
DA:161,0
DA:162,0
DA:163,0
DA:164,0
DA:165,0
DA:167,0
DA:170,0
DA:174,0
DA:177,0
DA:183,0
DA:185,0
DA:194,0
DA:208,0
DA:210,0
DA:211,0
DA:212,0
DA:216,0
DA:217,0
DA:221,0
DA:238,0
DA:239,0
DA:264,0
DA:265,0
DA:266,0
DA:268,0
DA:270,0
DA:276,0
DA:296,0
DA:325,0
DA:326,0
DA:338,0
DA:348,0
DA:398,1
LF:74
LH:4
BRDA:84,0,0,0
BRDA:84,0,1,0
BRDA:86,1,0,0
BRDA:86,1,1,0
BRDA:88,2,0,0
BRDA:88,2,1,0
BRDA:97,3,0,0
BRDA:97,3,1,0
BRDA:99,4,0,0
BRDA:99,4,1,0
BRDA:264,5,0,0
BRDA:264,5,1,0
BRDA:264,6,0,0
BRDA:264,6,1,0
BRDA:265,7,0,0
BRDA:265,7,1,0
BRF:16
BRH:0
end_of_record
TN:
SF:C:\Users\MSI-TITAN-6QE\Desktop\homatching\src\components\form\formBuyPropertyAntMobile.js
FN:28,(anonymous_0)
FN:70,(anonymous_1)
FN:71,(anonymous_2)
FN:79,(anonymous_3)
FN:85,(anonymous_4)
FN:98,(anonymous_5)
FN:122,(anonymous_6)
FN:185,(anonymous_7)
FN:205,(anonymous_8)
FN:210,(anonymous_9)
FN:213,(anonymous_10)
FN:214,(anonymous_11)
FN:241,(anonymous_12)
FN:242,(anonymous_13)
FN:266,(anonymous_14)
FN:278,(anonymous_15)
FN:299,(anonymous_16)
FN:328,(anonymous_17)
FN:329,(anonymous_18)
FN:341,(anonymous_19)
FN:351,(anonymous_20)
FNF:21
FNH:0
FNDA:0,(anonymous_0)
FNDA:0,(anonymous_1)
FNDA:0,(anonymous_2)
FNDA:0,(anonymous_3)
FNDA:0,(anonymous_4)
FNDA:0,(anonymous_5)
FNDA:0,(anonymous_6)
FNDA:0,(anonymous_7)
FNDA:0,(anonymous_8)
FNDA:0,(anonymous_9)
FNDA:0,(anonymous_10)
FNDA:0,(anonymous_11)
FNDA:0,(anonymous_12)
FNDA:0,(anonymous_13)
FNDA:0,(anonymous_14)
FNDA:0,(anonymous_15)
FNDA:0,(anonymous_16)
FNDA:0,(anonymous_17)
FNDA:0,(anonymous_18)
FNDA:0,(anonymous_19)
FNDA:0,(anonymous_20)
DA:28,1
DA:29,0
DA:46,1
DA:48,1
DA:71,0
DA:72,0
DA:80,0
DA:81,0
DA:82,0
DA:83,0
DA:84,0
DA:85,0
DA:86,0
DA:87,0
DA:88,0
DA:89,0
DA:96,0
DA:97,0
DA:98,0
DA:99,0
DA:100,0
DA:104,0
DA:107,0
DA:112,0
DA:114,0
DA:124,0
DA:128,0
DA:129,0
DA:130,0
DA:134,0
DA:139,0
DA:140,0
DA:141,0
DA:143,0
DA:144,0
DA:145,0
DA:152,0
DA:154,0
DA:155,0
DA:156,0
DA:158,0
DA:159,0
DA:160,0
DA:163,0
DA:165,0
DA:166,0
DA:167,0
DA:168,0
DA:170,0
DA:172,0
DA:173,0
DA:177,0
DA:180,0
DA:186,0
DA:188,0
DA:197,0
DA:198,0
DA:211,0
DA:213,0
DA:214,0
DA:215,0
DA:219,0
DA:220,0
DA:224,0
DA:241,0
DA:242,0
DA:267,0
DA:268,0
DA:269,0
DA:271,0
DA:273,0
DA:279,0
DA:299,0
DA:328,0
DA:329,0
DA:341,0
DA:351,0
DA:401,1
LF:78
LH:4
BRDA:84,0,0,0
BRDA:84,0,1,0
BRDA:86,1,0,0
BRDA:86,1,1,0
BRDA:88,2,0,0
BRDA:88,2,1,0
BRDA:97,3,0,0
BRDA:97,3,1,0
BRDA:99,4,0,0
BRDA:99,4,1,0
BRDA:158,5,0,0
BRDA:158,5,1,0
BRDA:159,6,0,0
BRDA:159,6,1,0
BRDA:267,7,0,0
BRDA:267,7,1,0
BRDA:267,8,0,0
BRDA:267,8,1,0
BRDA:268,9,0,0
BRDA:268,9,1,0
BRF:20
BRH:0
end_of_record
TN:
SF:C:\Users\MSI-TITAN-6QE\Desktop\homatching\src\components\form\formLeaseAgentPropertyAntMobile.js
FN:24,(anonymous_0)
FN:79,(anonymous_1)
FN:85,(anonymous_2)
FN:98,(anonymous_3)
FN:122,(anonymous_4)
FN:167,(anonymous_5)
FN:190,(anonymous_6)
FN:195,(anonymous_7)
FN:251,(anonymous_8)
FN:263,(anonymous_9)
FN:280,(anonymous_10)
FN:281,(anonymous_11)
FN:289,(anonymous_12)
FN:301,(anonymous_13)
FN:318,(anonymous_14)
FN:328,(anonymous_15)
FN:338,(anonymous_16)
FN:349,(anonymous_17)
FN:359,(anonymous_18)
FN:370,(anonymous_19)
FNF:20
FNH:0
FNDA:0,(anonymous_0)
FNDA:0,(anonymous_1)
FNDA:0,(anonymous_2)
FNDA:0,(anonymous_3)
FNDA:0,(anonymous_4)
FNDA:0,(anonymous_5)
FNDA:0,(anonymous_6)
FNDA:0,(anonymous_7)
FNDA:0,(anonymous_8)
FNDA:0,(anonymous_9)
FNDA:0,(anonymous_10)
FNDA:0,(anonymous_11)
FNDA:0,(anonymous_12)
FNDA:0,(anonymous_13)
FNDA:0,(anonymous_14)
FNDA:0,(anonymous_15)
FNDA:0,(anonymous_16)
FNDA:0,(anonymous_17)
FNDA:0,(anonymous_18)
FNDA:0,(anonymous_19)
DA:24,1
DA:25,0
DA:36,1
DA:38,1
DA:80,0
DA:81,0
DA:82,0
DA:83,0
DA:84,0
DA:85,0
DA:86,0
DA:87,0
DA:88,0
DA:89,0
DA:96,0
DA:97,0
DA:98,0
DA:99,0
DA:100,0
DA:104,0
DA:107,0
DA:112,0
DA:114,0
DA:125,0
DA:129,0
DA:131,0
DA:132,0
DA:133,0
DA:136,0
DA:137,0
DA:138,0
DA:139,0
DA:140,0
DA:141,0
DA:142,0
DA:143,0
DA:144,0
DA:145,0
DA:146,0
DA:147,0
DA:148,0
DA:149,0
DA:150,0
DA:152,0
DA:153,0
DA:154,0
DA:155,0
DA:156,0
DA:158,0
DA:160,0
DA:162,0
DA:168,0
DA:170,0
DA:172,0
DA:173,0
DA:196,0
DA:197,0
DA:206,0
DA:207,0
DA:211,0
DA:252,0
DA:253,0
DA:254,0
DA:256,0
DA:258,0
DA:264,0
DA:280,0
DA:281,0
DA:290,0
DA:291,0
DA:292,0
DA:294,0
DA:296,0
DA:302,0
DA:318,0
DA:328,0
DA:338,0
DA:349,0
DA:359,0
DA:370,0
DA:422,1
LF:81
LH:4
BRDA:84,0,0,0
BRDA:84,0,1,0
BRDA:86,1,0,0
BRDA:86,1,1,0
BRDA:88,2,0,0
BRDA:88,2,1,0
BRDA:97,3,0,0
BRDA:97,3,1,0
BRDA:99,4,0,0
BRDA:99,4,1,0
BRDA:252,5,0,0
BRDA:252,5,1,0
BRDA:252,6,0,0
BRDA:252,6,1,0
BRDA:253,7,0,0
BRDA:253,7,1,0
BRDA:290,8,0,0
BRDA:290,8,1,0
BRDA:290,9,0,0
BRDA:290,9,1,0
BRDA:291,10,0,0
BRDA:291,10,1,0
BRF:22
BRH:0
end_of_record
TN:
SF:C:\Users\MSI-TITAN-6QE\Desktop\homatching\src\components\form\formLeasePropertyAntMobile.js
FN:25,(anonymous_0)
FN:80,(anonymous_1)
FN:86,(anonymous_2)
FN:99,(anonymous_3)
FN:123,(anonymous_4)
FN:177,(anonymous_5)
FN:200,(anonymous_6)
FN:205,(anonymous_7)
FN:261,(anonymous_8)
FN:273,(anonymous_9)
FN:290,(anonymous_10)
FN:291,(anonymous_11)
FN:299,(anonymous_12)
FN:311,(anonymous_13)
FN:328,(anonymous_14)
FN:338,(anonymous_15)
FN:348,(anonymous_16)
FN:359,(anonymous_17)
FN:369,(anonymous_18)
FN:380,(anonymous_19)
FNF:20
FNH:0
FNDA:0,(anonymous_0)
FNDA:0,(anonymous_1)
FNDA:0,(anonymous_2)
FNDA:0,(anonymous_3)
FNDA:0,(anonymous_4)
FNDA:0,(anonymous_5)
FNDA:0,(anonymous_6)
FNDA:0,(anonymous_7)
FNDA:0,(anonymous_8)
FNDA:0,(anonymous_9)
FNDA:0,(anonymous_10)
FNDA:0,(anonymous_11)
FNDA:0,(anonymous_12)
FNDA:0,(anonymous_13)
FNDA:0,(anonymous_14)
FNDA:0,(anonymous_15)
FNDA:0,(anonymous_16)
FNDA:0,(anonymous_17)
FNDA:0,(anonymous_18)
FNDA:0,(anonymous_19)
DA:25,1
DA:26,0
DA:37,1
DA:39,1
DA:81,0
DA:82,0
DA:83,0
DA:84,0
DA:85,0
DA:86,0
DA:87,0
DA:88,0
DA:89,0
DA:90,0
DA:97,0
DA:98,0
DA:99,0
DA:100,0
DA:101,0
DA:105,0
DA:108,0
DA:113,0
DA:115,0
DA:126,0
DA:132,0
DA:133,0
DA:134,0
DA:137,0
DA:138,0
DA:139,0
DA:140,0
DA:141,0
DA:142,0
DA:143,0
DA:144,0
DA:145,0
DA:146,0
DA:147,0
DA:148,0
DA:149,0
DA:150,0
DA:151,0
DA:154,0
DA:155,0
DA:156,0
DA:159,0
DA:162,0
DA:163,0
DA:164,0
DA:165,0
DA:166,0
DA:168,0
DA:170,0
DA:171,0
DA:173,0
DA:178,0
DA:180,0
DA:182,0
DA:183,0
DA:206,0
DA:207,0
DA:216,0
DA:217,0
DA:221,0
DA:262,0
DA:263,0
DA:264,0
DA:266,0
DA:268,0
DA:274,0
DA:290,0
DA:291,0
DA:300,0
DA:301,0
DA:302,0
DA:304,0
DA:306,0
DA:312,0
DA:328,0
DA:338,0
DA:348,0
DA:359,0
DA:369,0
DA:380,0
DA:432,1
LF:85
LH:4
BRDA:85,0,0,0
BRDA:85,0,1,0
BRDA:87,1,0,0
BRDA:87,1,1,0
BRDA:89,2,0,0
BRDA:89,2,1,0
BRDA:98,3,0,0
BRDA:98,3,1,0
BRDA:100,4,0,0
BRDA:100,4,1,0
BRDA:154,5,0,0
BRDA:154,5,1,0
BRDA:155,6,0,0
BRDA:155,6,1,0
BRDA:262,7,0,0
BRDA:262,7,1,0
BRDA:262,8,0,0
BRDA:262,8,1,0
BRDA:263,9,0,0
BRDA:263,9,1,0
BRDA:300,10,0,0
BRDA:300,10,1,0
BRDA:300,11,0,0
BRDA:300,11,1,0
BRDA:301,12,0,0
BRDA:301,12,1,0
BRF:26
BRH:0
end_of_record
TN:
SF:C:\Users\MSI-TITAN-6QE\Desktop\homatching\src\components\form\formRentAgentPropertyAntMobile.js
FN:23,(anonymous_0)
FN:83,(anonymous_1)
FN:84,(anonymous_2)
FN:91,(anonymous_3)
FN:95,(anonymous_4)
FN:101,(anonymous_5)
FN:114,(anonymous_6)
FN:138,(anonymous_7)
FN:189,(anonymous_8)
FN:206,(anonymous_9)
FN:211,(anonymous_10)
FN:248,(anonymous_11)
FN:260,(anonymous_12)
FN:324,(anonymous_13)
FN:325,(anonymous_14)
FN:354,(anonymous_15)
FN:363,(anonymous_16)
FN:374,(anonymous_17)
FNF:18
FNH:0
FNDA:0,(anonymous_0)
FNDA:0,(anonymous_1)
FNDA:0,(anonymous_2)
FNDA:0,(anonymous_3)
FNDA:0,(anonymous_4)
FNDA:0,(anonymous_5)
FNDA:0,(anonymous_6)
FNDA:0,(anonymous_7)
FNDA:0,(anonymous_8)
FNDA:0,(anonymous_9)
FNDA:0,(anonymous_10)
FNDA:0,(anonymous_11)
FNDA:0,(anonymous_12)
FNDA:0,(anonymous_13)
FNDA:0,(anonymous_14)
FNDA:0,(anonymous_15)
FNDA:0,(anonymous_16)
FNDA:0,(anonymous_17)
DA:23,1
DA:24,0
DA:35,1
DA:37,1
DA:56,1
DA:84,0
DA:85,0
DA:92,0
DA:96,0
DA:97,0
DA:98,0
DA:99,0
DA:100,0
DA:101,0
DA:102,0
DA:103,0
DA:104,0
DA:105,0
DA:112,0
DA:113,0
DA:114,0
DA:115,0
DA:116,0
DA:120,0
DA:123,0
DA:128,0
DA:130,0
DA:140,0
DA:144,0
DA:146,0
DA:147,0
DA:148,0
DA:151,0
DA:152,0
DA:155,0
DA:156,0
DA:157,0
DA:159,0
DA:162,0
DA:163,0
DA:164,0
DA:166,0
DA:169,0
DA:170,0
DA:171,0
DA:172,0
DA:173,0
DA:175,0
DA:176,0
DA:177,0
DA:178,0
DA:179,0
DA:181,0
DA:182,0
DA:184,0
DA:190,0
DA:192,0
DA:201,0
DA:212,0
DA:213,0
DA:226,0
DA:227,0
DA:229,0
DA:249,0
DA:250,0
DA:251,0
DA:253,0
DA:255,0
DA:261,0
DA:324,0
DA:325,0
DA:354,0
DA:363,0
DA:374,0
DA:425,1
LF:75
LH:5
BRDA:100,0,0,0
BRDA:100,0,1,0
BRDA:102,1,0,0
BRDA:102,1,1,0
BRDA:104,2,0,0
BRDA:104,2,1,0
BRDA:113,3,0,0
BRDA:113,3,1,0
BRDA:115,4,0,0
BRDA:115,4,1,0
BRDA:249,5,0,0
BRDA:249,5,1,0
BRDA:249,6,0,0
BRDA:249,6,1,0
BRDA:250,7,0,0
BRDA:250,7,1,0
BRF:16
BRH:0
end_of_record
TN:
SF:C:\Users\MSI-TITAN-6QE\Desktop\homatching\src\components\form\formRentPropertyAntMobile.js
FN:22,(anonymous_0)
FN:82,(anonymous_1)
FN:83,(anonymous_2)
FN:90,(anonymous_3)
FN:94,(anonymous_4)
FN:100,(anonymous_5)
FN:113,(anonymous_6)
FN:137,(anonymous_7)
FN:202,(anonymous_8)
FN:219,(anonymous_9)
FN:224,(anonymous_10)
FN:257,(anonymous_11)
FN:269,(anonymous_12)
FN:333,(anonymous_13)
FN:334,(anonymous_14)
FN:363,(anonymous_15)
FN:372,(anonymous_16)
FN:383,(anonymous_17)
FNF:18
FNH:0
FNDA:0,(anonymous_0)
FNDA:0,(anonymous_1)
FNDA:0,(anonymous_2)
FNDA:0,(anonymous_3)
FNDA:0,(anonymous_4)
FNDA:0,(anonymous_5)
FNDA:0,(anonymous_6)
FNDA:0,(anonymous_7)
FNDA:0,(anonymous_8)
FNDA:0,(anonymous_9)
FNDA:0,(anonymous_10)
FNDA:0,(anonymous_11)
FNDA:0,(anonymous_12)
FNDA:0,(anonymous_13)
FNDA:0,(anonymous_14)
FNDA:0,(anonymous_15)
FNDA:0,(anonymous_16)
FNDA:0,(anonymous_17)
DA:22,1
DA:23,0
DA:34,1
DA:36,1
DA:55,1
DA:83,0
DA:84,0
DA:91,0
DA:95,0
DA:96,0
DA:97,0
DA:98,0
DA:99,0
DA:100,0
DA:101,0
DA:102,0
DA:103,0
DA:104,0
DA:111,0
DA:112,0
DA:113,0
DA:114,0
DA:115,0
DA:119,0
DA:122,0
DA:127,0
DA:129,0
DA:139,0
DA:147,0
DA:148,0
DA:149,0
DA:152,0
DA:153,0
DA:156,0
DA:157,0
DA:158,0
DA:160,0
DA:163,0
DA:164,0
DA:165,0
DA:167,0
DA:170,0
DA:171,0
DA:172,0
DA:173,0
DA:174,0
DA:177,0
DA:178,0
DA:179,0
DA:182,0
DA:184,0
DA:186,0
DA:187,0
DA:188,0
DA:190,0
DA:193,0
DA:195,0
DA:197,0
DA:203,0
DA:205,0
DA:214,0
DA:225,0
DA:226,0
DA:234,0
DA:235,0
DA:237,0
DA:258,0
DA:259,0
DA:260,0
DA:262,0
DA:264,0
DA:270,0
DA:333,0
DA:334,0
DA:363,0
DA:372,0
DA:383,0
DA:434,1
LF:78
LH:5
BRDA:99,0,0,0
BRDA:99,0,1,0
BRDA:101,1,0,0
BRDA:101,1,1,0
BRDA:103,2,0,0
BRDA:103,2,1,0
BRDA:112,3,0,0
BRDA:112,3,1,0
BRDA:114,4,0,0
BRDA:114,4,1,0
BRDA:177,5,0,0
BRDA:177,5,1,0
BRDA:178,6,0,0
BRDA:178,6,1,0
BRDA:258,7,0,0
BRDA:258,7,1,0
BRDA:258,8,0,0
BRDA:258,8,1,0
BRDA:259,9,0,0
BRDA:259,9,1,0
BRF:20
BRH:0
end_of_record
TN:
SF:C:\Users\MSI-TITAN-6QE\Desktop\homatching\src\components\form\formSaleAgentPropertyAntMobile.js
FN:22,(anonymous_0)
FN:64,(anonymous_1)
FN:65,(anonymous_2)
FN:72,(anonymous_3)
FN:78,(anonymous_4)
FN:91,(anonymous_5)
FN:115,(anonymous_6)
FN:167,(anonymous_7)
FN:185,(anonymous_8)
FN:190,(anonymous_9)
FN:209,(anonymous_10)
FN:221,(anonymous_11)
FN:253,(anonymous_12)
FN:254,(anonymous_13)
FN:262,(anonymous_14)
FN:274,(anonymous_15)
FN:292,(anonymous_16)
FN:305,(anonymous_17)
FN:315,(anonymous_18)
FNF:19
FNH:0
FNDA:0,(anonymous_0)
FNDA:0,(anonymous_1)
FNDA:0,(anonymous_2)
FNDA:0,(anonymous_3)
FNDA:0,(anonymous_4)
FNDA:0,(anonymous_5)
FNDA:0,(anonymous_6)
FNDA:0,(anonymous_7)
FNDA:0,(anonymous_8)
FNDA:0,(anonymous_9)
FNDA:0,(anonymous_10)
FNDA:0,(anonymous_11)
FNDA:0,(anonymous_12)
FNDA:0,(anonymous_13)
FNDA:0,(anonymous_14)
FNDA:0,(anonymous_15)
FNDA:0,(anonymous_16)
FNDA:0,(anonymous_17)
FNDA:0,(anonymous_18)
DA:22,1
DA:23,0
DA:40,1
DA:42,1
DA:65,0
DA:66,0
DA:73,0
DA:74,0
DA:75,0
DA:76,0
DA:77,0
DA:78,0
DA:79,0
DA:80,0
DA:81,0
DA:82,0
DA:89,0
DA:90,0
DA:91,0
DA:92,0
DA:93,0
DA:97,0
DA:100,0
DA:105,0
DA:107,0
DA:117,0
DA:121,0
DA:123,0
DA:124,0
DA:125,0
DA:128,0
DA:130,0
DA:131,0
DA:132,0
DA:133,0
DA:134,0
DA:135,0
DA:136,0
DA:137,0
DA:144,0
DA:145,0
DA:146,0
DA:150,0
DA:151,0
DA:152,0
DA:153,0
DA:154,0
DA:156,0
DA:157,0
DA:162,0
DA:168,0
DA:170,0
DA:179,0
DA:191,0
DA:194,0
DA:195,0
DA:197,0
DA:210,0
DA:211,0
DA:212,0
DA:214,0
DA:216,0
DA:222,0
DA:253,0
DA:254,0
DA:263,0
DA:264,0
DA:265,0
DA:267,0
DA:269,0
DA:275,0
DA:292,0
DA:305,0
DA:315,0
DA:363,1
LF:75
LH:4
BRDA:77,0,0,0
BRDA:77,0,1,0
BRDA:79,1,0,0
BRDA:79,1,1,0
BRDA:81,2,0,0
BRDA:81,2,1,0
BRDA:90,3,0,0
BRDA:90,3,1,0
BRDA:92,4,0,0
BRDA:92,4,1,0
BRDA:210,5,0,0
BRDA:210,5,1,0
BRDA:210,6,0,0
BRDA:210,6,1,0
BRDA:211,7,0,0
BRDA:211,7,1,0
BRDA:263,8,0,0
BRDA:263,8,1,0
BRDA:263,9,0,0
BRDA:263,9,1,0
BRDA:264,10,0,0
BRDA:264,10,1,0
BRF:22
BRH:0
end_of_record
TN:
SF:C:\Users\MSI-TITAN-6QE\Desktop\homatching\src\components\form\formSalePropertyAntMobile.js
FN:22,(anonymous_0)
FN:64,(anonymous_1)
FN:65,(anonymous_2)
FN:115,(anonymous_3)
FN:173,(anonymous_4)
FN:191,(anonymous_5)
FN:196,(anonymous_6)
FN:214,(anonymous_7)
FN:226,(anonymous_8)
FN:258,(anonymous_9)
FN:259,(anonymous_10)
FN:267,(anonymous_11)
FN:279,(anonymous_12)
FN:297,(anonymous_13)
FN:310,(anonymous_14)
FN:320,(anonymous_15)
FNF:16
FNH:0
FNDA:0,(anonymous_0)
FNDA:0,(anonymous_1)
FNDA:0,(anonymous_2)
FNDA:0,(anonymous_3)
FNDA:0,(anonymous_4)
FNDA:0,(anonymous_5)
FNDA:0,(anonymous_6)
FNDA:0,(anonymous_7)
FNDA:0,(anonymous_8)
FNDA:0,(anonymous_9)
FNDA:0,(anonymous_10)
FNDA:0,(anonymous_11)
FNDA:0,(anonymous_12)
FNDA:0,(anonymous_13)
FNDA:0,(anonymous_14)
FNDA:0,(anonymous_15)
DA:22,1
DA:23,0
DA:40,1
DA:42,1
DA:65,0
DA:66,0
DA:117,0
DA:123,0
DA:124,0
DA:125,0
DA:128,0
DA:130,0
DA:131,0
DA:132,0
DA:133,0
DA:134,0
DA:135,0
DA:136,0
DA:137,0
DA:144,0
DA:145,0
DA:146,0
DA:150,0
DA:151,0
DA:152,0
DA:155,0
DA:157,0
DA:158,0
DA:159,0
DA:160,0
DA:161,0
DA:164,0
DA:166,0
DA:168,0
DA:174,0
DA:176,0
DA:185,0
DA:197,0
DA:200,0
DA:201,0
DA:203,0
DA:215,0
DA:216,0
DA:217,0
DA:219,0
DA:221,0
DA:227,0
DA:258,0
DA:259,0
DA:268,0
DA:269,0
DA:270,0
DA:272,0
DA:274,0
DA:280,0
DA:297,0
DA:310,0
DA:320,0
DA:368,1
LF:59
LH:4
BRDA:150,0,0,0
BRDA:150,0,1,0
BRDA:151,1,0,0
BRDA:151,1,1,0
BRDA:215,2,0,0
BRDA:215,2,1,0
BRDA:215,3,0,0
BRDA:215,3,1,0
BRDA:216,4,0,0
BRDA:216,4,1,0
BRDA:268,5,0,0
BRDA:268,5,1,0
BRDA:268,6,0,0
BRDA:268,6,1,0
BRDA:269,7,0,0
BRDA:269,7,1,0
BRF:16
BRH:0
end_of_record
TN:
SF:C:\Users\MSI-TITAN-6QE\Desktop\homatching\src\components\listOfMatch\listOfAgentPropertysView.js
FN:18,(anonymous_0)
FN:22,(anonymous_1)
FN:26,(anonymous_2)
FN:27,(anonymous_3)
FN:33,(anonymous_4)
FN:42,(anonymous_5)
FN:55,(anonymous_6)
FN:79,(anonymous_7)
FN:84,(anonymous_8)
FN:91,(anonymous_9)
FN:96,(anonymous_10)
FN:100,(anonymous_11)
FN:101,(anonymous_12)
FN:106,(anonymous_13)
FN:127,(anonymous_14)
FN:132,(anonymous_15)
FN:139,(anonymous_16)
FN:144,(anonymous_17)
FN:148,(anonymous_18)
FN:149,(anonymous_19)
FN:153,(anonymous_20)
FN:171,(anonymous_21)
FN:176,(anonymous_22)
FN:183,(anonymous_23)
FN:188,(anonymous_24)
FN:192,(anonymous_25)
FN:193,(anonymous_26)
FN:199,(anonymous_27)
FN:238,(anonymous_28)
FN:243,(anonymous_29)
FN:250,(anonymous_30)
FN:255,(anonymous_31)
FN:259,(anonymous_32)
FN:260,(anonymous_33)
FN:265,(anonymous_34)
FN:277,(anonymous_35)
FN:291,(anonymous_36)
FNF:37
FNH:0
FNDA:0,(anonymous_0)
FNDA:0,(anonymous_1)
FNDA:0,(anonymous_2)
FNDA:0,(anonymous_3)
FNDA:0,(anonymous_4)
FNDA:0,(anonymous_5)
FNDA:0,(anonymous_6)
FNDA:0,(anonymous_7)
FNDA:0,(anonymous_8)
FNDA:0,(anonymous_9)
FNDA:0,(anonymous_10)
FNDA:0,(anonymous_11)
FNDA:0,(anonymous_12)
FNDA:0,(anonymous_13)
FNDA:0,(anonymous_14)
FNDA:0,(anonymous_15)
FNDA:0,(anonymous_16)
FNDA:0,(anonymous_17)
FNDA:0,(anonymous_18)
FNDA:0,(anonymous_19)
FNDA:0,(anonymous_20)
FNDA:0,(anonymous_21)
FNDA:0,(anonymous_22)
FNDA:0,(anonymous_23)
FNDA:0,(anonymous_24)
FNDA:0,(anonymous_25)
FNDA:0,(anonymous_26)
FNDA:0,(anonymous_27)
FNDA:0,(anonymous_28)
FNDA:0,(anonymous_29)
FNDA:0,(anonymous_30)
FNDA:0,(anonymous_31)
FNDA:0,(anonymous_32)
FNDA:0,(anonymous_33)
FNDA:0,(anonymous_34)
FNDA:0,(anonymous_35)
FNDA:0,(anonymous_36)
DA:11,1
DA:12,1
DA:19,0
DA:23,0
DA:27,0
DA:28,0
DA:34,0
DA:44,0
DA:47,0
DA:48,0
DA:51,0
DA:53,0
DA:54,0
DA:55,0
DA:60,0
DA:61,0
DA:62,0
DA:64,0
DA:65,0
DA:70,0
DA:71,0
DA:79,0
DA:84,0
DA:91,0
DA:96,0
DA:100,0
DA:101,0
DA:106,0
DA:118,0
DA:119,0
DA:127,0
DA:132,0
DA:139,0
DA:144,0
DA:148,0
DA:149,0
DA:153,0
DA:162,0
DA:163,0
DA:171,0
DA:176,0
DA:183,0
DA:188,0
DA:192,0
DA:193,0
DA:199,0
DA:229,0
DA:230,0
DA:238,0
DA:243,0
DA:250,0
DA:255,0
DA:259,0
DA:260,0
DA:265,0
DA:274,0
DA:280,0
DA:283,0
DA:284,0
DA:286,0
DA:291,0
LF:61
LH:2
BRDA:47,0,0,0
BRDA:47,0,1,0
BRDA:60,1,0,0
BRDA:60,1,1,0
BRDA:70,2,0,0
BRDA:70,2,1,0
BRDA:118,3,0,0
BRDA:118,3,1,0
BRDA:162,4,0,0
BRDA:162,4,1,0
BRDA:229,5,0,0
BRDA:229,5,1,0
BRF:12
BRH:0
end_of_record
TN:
SF:C:\Users\MSI-TITAN-6QE\Desktop\homatching\src\components\listOfMatch\listOfMatchAgentBuyPropertys.js
FN:21,(anonymous_0)
FN:25,(anonymous_1)
FN:39,(anonymous_2)
FN:61,(anonymous_3)
FNF:4
FNH:0
FNDA:0,(anonymous_0)
FNDA:0,(anonymous_1)
FNDA:0,(anonymous_2)
FNDA:0,(anonymous_3)
DA:12,1
DA:22,0
DA:26,0
DA:28,0
DA:30,0
DA:34,0
DA:39,0
DA:50,0
DA:57,0
DA:62,0
DA:63,0
DA:65,0
LF:12
LH:1
BRDA:28,0,0,0
BRDA:28,0,1,0
BRF:2
BRH:0
end_of_record
TN:
SF:C:\Users\MSI-TITAN-6QE\Desktop\homatching\src\components\listOfMatch\listOfMatchAgentLeasePropertys.js
FN:21,(anonymous_0)
FN:25,(anonymous_1)
FN:38,(anonymous_2)
FN:48,(anonymous_3)
FNF:4
FNH:0
FNDA:0,(anonymous_0)
FNDA:0,(anonymous_1)
FNDA:0,(anonymous_2)
FNDA:0,(anonymous_3)
DA:22,0
DA:27,0
DA:29,0
DA:31,0
DA:35,0
DA:37,0
DA:38,0
DA:39,0
DA:44,0
DA:49,0
DA:50,0
DA:52,0
DA:53,0
DA:56,0
LF:14
LH:0
BRDA:29,0,0,0
BRDA:29,0,1,0
BRDA:52,1,0,0
BRDA:52,1,1,0
BRF:4
BRH:0
end_of_record
TN:
SF:C:\Users\MSI-TITAN-6QE\Desktop\homatching\src\components\listOfMatch\listOfMatchAgentPropertysView.js
FN:28,(anonymous_0)
FN:32,(anonymous_1)
FN:36,(anonymous_2)
FN:37,(anonymous_3)
FN:43,(anonymous_4)
FN:52,(anonymous_5)
FN:65,(anonymous_6)
FN:75,(anonymous_7)
FN:80,(anonymous_8)
FN:87,(anonymous_9)
FN:92,(anonymous_10)
FN:96,(anonymous_11)
FN:97,(anonymous_12)
FN:99,(anonymous_13)
FN:116,(anonymous_14)
FN:121,(anonymous_15)
FN:128,(anonymous_16)
FN:133,(anonymous_17)
FN:137,(anonymous_18)
FN:138,(anonymous_19)
FN:140,(anonymous_20)
FN:154,(anonymous_21)
FN:159,(anonymous_22)
FN:166,(anonymous_23)
FN:171,(anonymous_24)
FN:175,(anonymous_25)
FN:176,(anonymous_26)
FN:178,(anonymous_27)
FN:193,(anonymous_28)
FN:198,(anonymous_29)
FN:205,(anonymous_30)
FN:210,(anonymous_31)
FN:214,(anonymous_32)
FN:215,(anonymous_33)
FN:217,(anonymous_34)
FN:227,(anonymous_35)
FN:244,(anonymous_36)
FNF:37
FNH:0
FNDA:0,(anonymous_0)
FNDA:0,(anonymous_1)
FNDA:0,(anonymous_2)
FNDA:0,(anonymous_3)
FNDA:0,(anonymous_4)
FNDA:0,(anonymous_5)
FNDA:0,(anonymous_6)
FNDA:0,(anonymous_7)
FNDA:0,(anonymous_8)
FNDA:0,(anonymous_9)
FNDA:0,(anonymous_10)
FNDA:0,(anonymous_11)
FNDA:0,(anonymous_12)
FNDA:0,(anonymous_13)
FNDA:0,(anonymous_14)
FNDA:0,(anonymous_15)
FNDA:0,(anonymous_16)
FNDA:0,(anonymous_17)
FNDA:0,(anonymous_18)
FNDA:0,(anonymous_19)
FNDA:0,(anonymous_20)
FNDA:0,(anonymous_21)
FNDA:0,(anonymous_22)
FNDA:0,(anonymous_23)
FNDA:0,(anonymous_24)
FNDA:0,(anonymous_25)
FNDA:0,(anonymous_26)
FNDA:0,(anonymous_27)
FNDA:0,(anonymous_28)
FNDA:0,(anonymous_29)
FNDA:0,(anonymous_30)
FNDA:0,(anonymous_31)
FNDA:0,(anonymous_32)
FNDA:0,(anonymous_33)
FNDA:0,(anonymous_34)
FNDA:0,(anonymous_35)
FNDA:0,(anonymous_36)
DA:11,1
DA:12,1
DA:29,0
DA:33,0
DA:37,0
DA:38,0
DA:44,0
DA:54,0
DA:56,0
DA:58,0
DA:61,0
DA:63,0
DA:64,0
DA:65,0
DA:66,0
DA:67,0
DA:75,0
DA:80,0
DA:87,0
DA:92,0
DA:96,0
DA:97,0
DA:99,0
DA:107,0
DA:108,0
DA:116,0
DA:121,0
DA:128,0
DA:133,0
DA:137,0
DA:138,0
DA:140,0
DA:145,0
DA:146,0
DA:154,0
DA:159,0
DA:166,0
DA:171,0
DA:175,0
DA:176,0
DA:178,0
DA:184,0
DA:185,0
DA:193,0
DA:198,0
DA:205,0
DA:210,0
DA:214,0
DA:215,0
DA:217,0
DA:224,0
DA:233,0
DA:236,0
DA:237,0
DA:239,0
DA:244,0
LF:56
LH:2
BRDA:56,0,0,0
BRDA:56,0,1,0
BRDA:66,1,0,0
BRDA:66,1,1,0
BRDA:107,2,0,0
BRDA:107,2,1,0
BRDA:145,3,0,0
BRDA:145,3,1,0
BRDA:184,4,0,0
BRDA:184,4,1,0
BRF:10
BRH:0
end_of_record
TN:
SF:C:\Users\MSI-TITAN-6QE\Desktop\homatching\src\components\listOfMatch\listOfMatchAgentRentPropertys.js
FN:21,(anonymous_0)
FN:25,(anonymous_1)
FN:40,(anonymous_2)
FN:62,(anonymous_3)
FNF:4
FNH:0
FNDA:0,(anonymous_0)
FNDA:0,(anonymous_1)
FNDA:0,(anonymous_2)
FNDA:0,(anonymous_3)
DA:22,0
DA:26,0
DA:29,0
DA:31,0
DA:35,0
DA:40,0
DA:51,0
DA:58,0
DA:63,0
DA:64,0
DA:66,0
LF:11
LH:0
BRDA:29,0,0,0
BRDA:29,0,1,0
BRF:2
BRH:0
end_of_record
TN:
SF:C:\Users\MSI-TITAN-6QE\Desktop\homatching\src\components\listOfMatch\listOfMatchAgentSalePropertys.js
FN:21,(anonymous_0)
FN:25,(anonymous_1)
FN:39,(anonymous_2)
FN:61,(anonymous_3)
FNF:4
FNH:0
FNDA:0,(anonymous_0)
FNDA:0,(anonymous_1)
FNDA:0,(anonymous_2)
FNDA:0,(anonymous_3)
DA:22,0
DA:26,0
DA:28,0
DA:30,0
DA:34,0
DA:39,0
DA:50,0
DA:57,0
DA:62,0
DA:63,0
DA:65,0
LF:11
LH:0
BRDA:28,0,0,0
BRDA:28,0,1,0
BRF:2
BRH:0
end_of_record
TN:
SF:C:\Users\MSI-TITAN-6QE\Desktop\homatching\src\components\listOfMatch\listOfMatchBuyPropertys.js
FN:21,(anonymous_0)
FN:25,(anonymous_1)
FN:39,(anonymous_2)
FN:61,(anonymous_3)
FNF:4
FNH:0
FNDA:0,(anonymous_0)
FNDA:0,(anonymous_1)
FNDA:0,(anonymous_2)
FNDA:0,(anonymous_3)
DA:12,1
DA:22,0
DA:26,0
DA:28,0
DA:30,0
DA:34,0
DA:36,0
DA:37,0
DA:39,0
DA:41,0
DA:42,0
DA:44,0
DA:45,0
DA:46,0
DA:48,0
DA:50,0
DA:57,0
DA:62,0
DA:63,0
DA:65,0
LF:20
LH:1
BRDA:28,0,0,0
BRDA:28,0,1,0
BRDA:48,1,0,0
BRDA:48,1,1,0
BRF:4
BRH:0
end_of_record
TN:
SF:C:\Users\MSI-TITAN-6QE\Desktop\homatching\src\components\listOfMatch\listOfMatchLeasePropertys.js
FN:21,(anonymous_0)
FN:25,(anonymous_1)
FN:40,(anonymous_2)
FN:62,(anonymous_3)
FNF:4
FNH:0
FNDA:0,(anonymous_0)
FNDA:0,(anonymous_1)
FNDA:0,(anonymous_2)
FNDA:0,(anonymous_3)
DA:12,1
DA:22,0
DA:26,0
DA:29,0
DA:31,0
DA:35,0
DA:37,0
DA:38,0
DA:40,0
DA:42,0
DA:43,0
DA:45,0
DA:46,0
DA:47,0
DA:49,0
DA:51,0
DA:58,0
DA:63,0
DA:64,0
DA:66,0
LF:20
LH:1
BRDA:29,0,0,0
BRDA:29,0,1,0
BRDA:49,1,0,0
BRDA:49,1,1,0
BRF:4
BRH:0
end_of_record
TN:
SF:C:\Users\MSI-TITAN-6QE\Desktop\homatching\src\components\listOfMatch\listOfMatchOldBuyPropertys.js
FN:21,(anonymous_0)
FN:25,(anonymous_1)
FN:36,(anonymous_2)
FN:46,(anonymous_3)
FNF:4
FNH:0
FNDA:0,(anonymous_0)
FNDA:0,(anonymous_1)
FNDA:0,(anonymous_2)
FNDA:0,(anonymous_3)
DA:22,0
DA:26,0
DA:28,0
DA:30,0
DA:34,0
DA:36,0
DA:37,0
DA:42,0
DA:47,0
DA:48,0
DA:50,0
LF:11
LH:0
BRDA:28,0,0,0
BRDA:28,0,1,0
BRF:2
BRH:0
end_of_record
TN:
SF:C:\Users\MSI-TITAN-6QE\Desktop\homatching\src\components\listOfMatch\listOfMatchOldLeasePropertys.js
FN:21,(anonymous_0)
FN:25,(anonymous_1)
FN:37,(anonymous_2)
FN:46,(anonymous_3)
FNF:4
FNH:0
FNDA:0,(anonymous_0)
FNDA:0,(anonymous_1)
FNDA:0,(anonymous_2)
FNDA:0,(anonymous_3)
DA:22,0
DA:26,0
DA:28,0
DA:30,0
DA:35,0
DA:37,0
DA:38,0
DA:42,0
DA:47,0
DA:48,0
DA:50,0
LF:11
LH:0
BRDA:28,0,0,0
BRDA:28,0,1,0
BRF:2
BRH:0
end_of_record
TN:
SF:C:\Users\MSI-TITAN-6QE\Desktop\homatching\src\components\listOfMatch\listOfMatchOldRentPropertys.js
FN:21,(anonymous_0)
FN:28,(anonymous_1)
FN:39,(anonymous_2)
FN:50,(anonymous_3)
FNF:4
FNH:0
FNDA:0,(anonymous_0)
FNDA:0,(anonymous_1)
FNDA:0,(anonymous_2)
FNDA:0,(anonymous_3)
DA:22,0
DA:23,0
DA:29,0
DA:31,0
DA:33,0
DA:37,0
DA:39,0
DA:41,0
DA:46,0
DA:51,0
DA:52,0
DA:54,0
LF:12
LH:0
BRDA:31,0,0,0
BRDA:31,0,1,0
BRF:2
BRH:0
end_of_record
TN:
SF:C:\Users\MSI-TITAN-6QE\Desktop\homatching\src\components\listOfMatch\listOfMatchOldSalePropertys.js
FN:21,(anonymous_0)
FN:25,(anonymous_1)
FN:37,(anonymous_2)
FN:48,(anonymous_3)
FNF:4
FNH:0
FNDA:0,(anonymous_0)
FNDA:0,(anonymous_1)
FNDA:0,(anonymous_2)
FNDA:0,(anonymous_3)
DA:22,0
DA:26,0
DA:28,0
DA:30,0
DA:33,0
DA:35,0
DA:37,0
DA:39,0
DA:44,0
DA:49,0
DA:50,0
DA:52,0
LF:12
LH:0
BRDA:28,0,0,0
BRDA:28,0,1,0
BRF:2
BRH:0
end_of_record
TN:
SF:C:\Users\MSI-TITAN-6QE\Desktop\homatching\src\components\listOfMatch\listOfMatchPropertys.js
FN:1,(anonymous_0)
FN:1,defineProperties
FN:1,(anonymous_2)
FN:8,_interopRequireDefault
FN:8,_classCallCheck
FN:8,_possibleConstructorReturn
FN:8,_inherits
FN:19,(anonymous_7)
FN:21,ListOfMatchPropertys
FN:25,(anonymous_9)
FN:29,(anonymous_10)
FN:33,render
FNF:12
FNH:0
FNDA:0,(anonymous_0)
FNDA:0,defineProperties
FNDA:0,(anonymous_2)
FNDA:0,_interopRequireDefault
FNDA:0,_classCallCheck
FNDA:0,_possibleConstructorReturn
FNDA:0,_inherits
FNDA:0,(anonymous_7)
FNDA:0,ListOfMatchPropertys
FNDA:0,(anonymous_9)
FNDA:0,(anonymous_10)
FNDA:0,render
DA:1,0
DA:7,0
DA:8,0
DA:12,0
DA:19,0
DA:21,0
DA:22,0
DA:26,0
DA:28,0
DA:29,0
DA:32,0
DA:33,0
DA:37,0
DA:38,0
DA:40,0
DA:46,0
LF:16
LH:0
BRDA:1,0,0,0
BRDA:1,0,1,0
BRDA:1,1,0,0
BRDA:1,1,1,0
BRDA:1,2,0,0
BRDA:1,2,1,0
BRDA:1,3,0,0
BRDA:1,3,1,0
BRDA:8,4,0,0
BRDA:8,4,1,0
BRDA:8,5,0,0
BRDA:8,5,1,0
BRDA:8,6,0,0
BRDA:8,6,1,0
BRDA:8,7,0,0
BRDA:8,7,1,0
BRDA:8,8,0,0
BRDA:8,8,1,0
BRDA:8,9,0,0
BRDA:8,9,1,0
BRDA:8,9,2,0
BRDA:8,10,0,0
BRDA:8,10,1,0
BRDA:8,11,0,0
BRDA:8,11,1,0
BRDA:8,12,0,0
BRDA:8,12,1,0
BRDA:8,13,0,0
BRDA:8,13,1,0
BRDA:8,14,0,0
BRDA:8,14,1,0
BRDA:19,15,0,0
BRDA:19,15,1,0
BRDA:21,16,0,0
BRDA:21,16,1,0
BRF:35
BRH:0
end_of_record
TN:
SF:C:\Users\MSI-TITAN-6QE\Desktop\homatching\src\components\listOfMatch\listOfMatchRentPropertys.js
FN:1,(anonymous_0)
FN:1,defineProperties
FN:1,(anonymous_2)
FN:8,_interopRequireDefault
FN:8,_classCallCheck
FN:8,_possibleConstructorReturn
FN:8,_inherits
FN:19,(anonymous_7)
FN:21,ListOfMatchRentPropertys
FN:28,(anonymous_9)
FN:44,(anonymous_10)
FN:63,render
FNF:12
FNH:0
FNDA:0,(anonymous_0)
FNDA:0,defineProperties
FNDA:0,(anonymous_2)
FNDA:0,_interopRequireDefault
FNDA:0,_classCallCheck
FNDA:0,_possibleConstructorReturn
FNDA:0,_inherits
FNDA:0,(anonymous_7)
FNDA:0,ListOfMatchRentPropertys
FNDA:0,(anonymous_9)
FNDA:0,(anonymous_10)
FNDA:0,render
DA:1,0
DA:7,0
DA:8,0
DA:12,0
DA:19,0
DA:21,0
DA:22,0
DA:29,0
DA:31,0
DA:33,0
DA:37,0
DA:38,0
DA:39,0
DA:44,0
DA:46,0
DA:47,0
DA:49,0
DA:50,0
DA:51,0
DA:53,0
DA:55,0
DA:62,0
DA:63,0
DA:67,0
DA:68,0
DA:70,0
DA:76,0
LF:27
LH:0
BRDA:1,0,0,0
BRDA:1,0,1,0
BRDA:1,1,0,0
BRDA:1,1,1,0
BRDA:1,2,0,0
BRDA:1,2,1,0
BRDA:1,3,0,0
BRDA:1,3,1,0
BRDA:8,4,0,0
BRDA:8,4,1,0
BRDA:8,5,0,0
BRDA:8,5,1,0
BRDA:8,6,0,0
BRDA:8,6,1,0
BRDA:8,7,0,0
BRDA:8,7,1,0
BRDA:8,8,0,0
BRDA:8,8,1,0
BRDA:8,9,0,0
BRDA:8,9,1,0
BRDA:8,9,2,0
BRDA:8,10,0,0
BRDA:8,10,1,0
BRDA:8,11,0,0
BRDA:8,11,1,0
BRDA:8,12,0,0
BRDA:8,12,1,0
BRDA:8,13,0,0
BRDA:8,13,1,0
BRDA:8,14,0,0
BRDA:8,14,1,0
BRDA:19,15,0,0
BRDA:19,15,1,0
BRDA:21,16,0,0
BRDA:21,16,1,0
BRDA:31,17,0,0
BRDA:31,17,1,0
BRDA:53,18,0,0
BRDA:53,18,1,0
BRF:39
BRH:0
end_of_record
TN:
SF:C:\Users\MSI-TITAN-6QE\Desktop\homatching\src\components\listOfMatch\listOfMatchSalePropertys.js
FN:21,(anonymous_0)
FN:25,(anonymous_1)
FN:39,(anonymous_2)
FN:61,(anonymous_3)
FNF:4
FNH:0
FNDA:0,(anonymous_0)
FNDA:0,(anonymous_1)
FNDA:0,(anonymous_2)
FNDA:0,(anonymous_3)
DA:12,1
DA:22,0
DA:26,0
DA:28,0
DA:30,0
DA:34,0
DA:36,0
DA:37,0
DA:39,0
DA:41,0
DA:42,0
DA:44,0
DA:45,0
DA:46,0
DA:48,0
DA:50,0
DA:57,0
DA:62,0
DA:63,0
DA:65,0
LF:20
LH:1
BRDA:28,0,0,0
BRDA:28,0,1,0
BRDA:48,1,0,0
BRDA:48,1,1,0
BRF:4
BRH:0
end_of_record
TN:
SF:C:\Users\MSI-TITAN-6QE\Desktop\homatching\src\components\matchPanel\matchAgentPanelTemp.js
FN:1,(anonymous_0)
FN:1,defineProperties
FN:1,(anonymous_2)
FN:21,_interopRequireDefault
FN:21,_classCallCheck
FN:21,_possibleConstructorReturn
FN:21,_inherits
FN:33,CustomChildren
FN:54,(anonymous_8)
FN:56,MatchAgentPanelView
FN:70,(anonymous_10)
FN:85,(anonymous_11)
FN:89,(anonymous_12)
FN:106,render
FNF:14
FNH:0
FNDA:0,(anonymous_0)
FNDA:0,defineProperties
FNDA:0,(anonymous_2)
FNDA:0,_interopRequireDefault
FNDA:0,_classCallCheck
FNDA:0,_possibleConstructorReturn
FNDA:0,_inherits
FNDA:0,CustomChildren
FNDA:0,(anonymous_8)
FNDA:0,MatchAgentPanelView
FNDA:0,(anonymous_10)
FNDA:0,(anonymous_11)
FNDA:0,(anonymous_12)
FNDA:0,render
DA:1,0
DA:9,0
DA:11,0
DA:12,0
DA:13,0
DA:14,0
DA:16,0
DA:17,0
DA:18,0
DA:19,0
DA:20,0
DA:21,0
DA:33,0
DA:46,0
DA:54,0
DA:56,0
DA:57,0
DA:71,0
DA:72,0
DA:73,0
DA:74,0
DA:78,0
DA:79,0
DA:80,0
DA:83,0
DA:86,0
DA:87,0
DA:91,0
DA:93,0
DA:94,0
DA:95,0
DA:96,0
DA:97,0
DA:98,0
DA:99,0
DA:100,0
DA:103,0
DA:104,0
DA:105,0
DA:106,0
DA:108,0
DA:110,0
DA:111,0
DA:113,0
DA:123,0
DA:126,0
LF:46
LH:0
BRDA:1,0,0,0
BRDA:1,0,1,0
BRDA:1,1,0,0
BRDA:1,1,1,0
BRDA:1,2,0,0
BRDA:1,2,1,0
BRDA:1,3,0,0
BRDA:1,3,1,0
BRDA:21,4,0,0
BRDA:21,4,1,0
BRDA:21,5,0,0
BRDA:21,5,1,0
BRDA:21,6,0,0
BRDA:21,6,1,0
BRDA:21,7,0,0
BRDA:21,7,1,0
BRDA:21,8,0,0
BRDA:21,8,1,0
BRDA:21,9,0,0
BRDA:21,9,1,0
BRDA:21,9,2,0
BRDA:21,10,0,0
BRDA:21,10,1,0
BRDA:21,11,0,0
BRDA:21,11,1,0
BRDA:21,12,0,0
BRDA:21,12,1,0
BRDA:21,13,0,0
BRDA:21,13,1,0
BRDA:21,14,0,0
BRDA:21,14,1,0
BRDA:54,15,0,0
BRDA:54,15,1,0
BRDA:56,16,0,0
BRDA:56,16,1,0
BRDA:79,17,0,0
BRDA:79,17,1,0
BRDA:93,18,0,0
BRDA:93,18,1,0
BRDA:95,19,0,0
BRDA:95,19,1,0
BRDA:97,20,0,0
BRDA:97,20,1,0
BRDA:99,21,0,0
BRDA:99,21,1,0
BRF:45
BRH:0
end_of_record
TN:
SF:C:\Users\MSI-TITAN-6QE\Desktop\homatching\src\components\matchPanel\matchAgentPanelView.js
FN:50,(anonymous_0)
FN:81,(anonymous_1)
FN:98,(anonymous_2)
FN:116,(anonymous_3)
FN:124,(anonymous_4)
FN:151,(anonymous_5)
FN:197,(anonymous_6)
FN:217,(anonymous_7)
FN:239,(anonymous_8)
FN:264,(anonymous_9)
FN:290,(anonymous_10)
FNF:11
FNH:0
FNDA:0,(anonymous_0)
FNDA:0,(anonymous_1)
FNDA:0,(anonymous_2)
FNDA:0,(anonymous_3)
FNDA:0,(anonymous_4)
FNDA:0,(anonymous_5)
FNDA:0,(anonymous_6)
FNDA:0,(anonymous_7)
FNDA:0,(anonymous_8)
FNDA:0,(anonymous_9)
FNDA:0,(anonymous_10)
DA:50,1
DA:51,0
DA:72,1
DA:82,0
DA:84,0
DA:93,0
DA:94,0
DA:99,0
DA:100,0
DA:101,0
DA:104,0
DA:109,0
DA:110,0
DA:112,0
DA:117,0
DA:125,0
DA:130,0
DA:131,0
DA:134,0
DA:135,0
DA:138,0
DA:139,0
DA:142,0
DA:143,0
DA:148,0
DA:152,0
DA:154,0
DA:158,0
DA:163,0
DA:198,0
DA:201,0
DA:218,0
DA:222,0
DA:240,0
DA:244,0
DA:265,0
DA:269,0
DA:291,0
DA:295,0
DA:309,1
LF:40
LH:3
BRDA:109,0,0,0
BRDA:109,0,1,0
BRDA:130,1,0,0
BRDA:130,1,1,0
BRDA:134,2,0,0
BRDA:134,2,1,0
BRDA:138,3,0,0
BRDA:138,3,1,0
BRDA:142,4,0,0
BRDA:142,4,1,0
BRDA:216,5,0,0
BRDA:216,5,1,0
BRDA:237,6,0,0
BRDA:237,6,1,0
BRF:14
BRH:0
end_of_record
TN:
SF:C:\Users\MSI-TITAN-6QE\Desktop\homatching\src\components\matchPanel\matchBuyPanelView.js
FN:30,(anonymous_0)
FN:38,(anonymous_1)
FN:52,(anonymous_2)
FN:62,(anonymous_3)
FN:71,(anonymous_4)
FNF:5
FNH:0
FNDA:0,(anonymous_0)
FNDA:0,(anonymous_1)
FNDA:0,(anonymous_2)
FNDA:0,(anonymous_3)
FNDA:0,(anonymous_4)
DA:31,0
DA:32,0
DA:39,0
DA:40,0
DA:41,0
DA:53,0
DA:54,0
DA:58,0
DA:63,0
DA:64,0
DA:66,0
DA:74,0
DA:78,0
DA:80,0
DA:87,0
DA:88,0
DA:92,0
DA:109,1
LF:18
LH:1
BRDA:53,0,0,0
BRDA:53,0,1,0
BRDA:63,1,0,0
BRDA:63,1,1,0
BRDA:87,2,0,0
BRDA:87,2,1,0
BRF:6
BRH:0
end_of_record
TN:
SF:C:\Users\MSI-TITAN-6QE\Desktop\homatching\src\components\matchPanel\matchLeasePanelView.js
FN:28,(anonymous_0)
FN:36,(anonymous_1)
FN:49,(anonymous_2)
FN:59,(anonymous_3)
FN:67,(anonymous_4)
FNF:5
FNH:0
FNDA:0,(anonymous_0)
FNDA:0,(anonymous_1)
FNDA:0,(anonymous_2)
FNDA:0,(anonymous_3)
FNDA:0,(anonymous_4)
DA:29,0
DA:30,0
DA:37,0
DA:38,0
DA:39,0
DA:50,0
DA:51,0
DA:55,0
DA:60,0
DA:61,0
DA:63,0
DA:68,0
DA:70,0
DA:71,0
DA:73,0
DA:74,0
DA:78,0
DA:95,1
LF:18
LH:1
BRDA:50,0,0,0
BRDA:50,0,1,0
BRDA:60,1,0,0
BRDA:60,1,1,0
BRDA:73,2,0,0
BRDA:73,2,1,0
BRF:6
BRH:0
end_of_record
TN:
SF:C:\Users\MSI-TITAN-6QE\Desktop\homatching\src\components\matchPanel\matchPanelView.js
FN:1,(anonymous_0)
FN:1,defineProperties
FN:1,(anonymous_2)
FN:11,_interopRequireDefault
FN:11,_classCallCheck
FN:11,_possibleConstructorReturn
FN:11,_inherits
FN:23,(anonymous_7)
FN:25,MatchPanelView
FN:32,render
FNF:10
FNH:0
FNDA:0,(anonymous_0)
FNDA:0,defineProperties
FNDA:0,(anonymous_2)
FNDA:0,_interopRequireDefault
FNDA:0,_classCallCheck
FNDA:0,_possibleConstructorReturn
FNDA:0,_inherits
FNDA:0,(anonymous_7)
FNDA:0,MatchPanelView
FNDA:0,render
DA:1,0
DA:9,0
DA:10,0
DA:11,0
DA:13,0
DA:14,0
DA:23,0
DA:25,0
DA:26,0
DA:32,0
DA:37,0
DA:41,0
DA:44,0
DA:53,0
DA:63,0
DA:66,0
LF:16
LH:0
BRDA:1,0,0,0
BRDA:1,0,1,0
BRDA:1,1,0,0
BRDA:1,1,1,0
BRDA:1,2,0,0
BRDA:1,2,1,0
BRDA:1,3,0,0
BRDA:1,3,1,0
BRDA:11,4,0,0
BRDA:11,4,1,0
BRDA:11,5,0,0
BRDA:11,5,1,0
BRDA:11,6,0,0
BRDA:11,6,1,0
BRDA:11,7,0,0
BRDA:11,7,1,0
BRDA:11,8,0,0
BRDA:11,8,1,0
BRDA:11,9,0,0
BRDA:11,9,1,0
BRDA:11,9,2,0
BRDA:11,10,0,0
BRDA:11,10,1,0
BRDA:11,11,0,0
BRDA:11,11,1,0
BRDA:11,12,0,0
BRDA:11,12,1,0
BRDA:11,13,0,0
BRDA:11,13,1,0
BRDA:11,14,0,0
BRDA:11,14,1,0
BRDA:23,15,0,0
BRDA:23,15,1,0
BRDA:25,16,0,0
BRDA:25,16,1,0
BRF:35
BRH:0
end_of_record
TN:
SF:C:\Users\MSI-TITAN-6QE\Desktop\homatching\src\components\matchPanel\matchRentPanelView.js
FN:30,(anonymous_0)
FN:38,(anonymous_1)
FN:51,(anonymous_2)
FN:66,(anonymous_3)
FN:74,(anonymous_4)
FNF:5
FNH:0
FNDA:0,(anonymous_0)
FNDA:0,(anonymous_1)
FNDA:0,(anonymous_2)
FNDA:0,(anonymous_3)
FNDA:0,(anonymous_4)
DA:31,0
DA:32,0
DA:39,0
DA:40,0
DA:41,0
DA:53,0
DA:54,0
DA:62,0
DA:67,0
DA:68,0
DA:70,0
DA:76,0
DA:78,0
DA:79,0
DA:81,0
DA:99,1
LF:16
LH:1
BRDA:53,0,0,0
BRDA:53,0,1,0
BRDA:67,1,0,0
BRDA:67,1,1,0
BRF:4
BRH:0
end_of_record
TN:
SF:C:\Users\MSI-TITAN-6QE\Desktop\homatching\src\components\matchPanel\matchSalePanelView.js
FN:30,(anonymous_0)
FN:38,(anonymous_1)
FN:51,(anonymous_2)
FN:59,(anonymous_3)
FN:68,(anonymous_4)
FNF:5
FNH:0
FNDA:0,(anonymous_0)
FNDA:0,(anonymous_1)
FNDA:0,(anonymous_2)
FNDA:0,(anonymous_3)
FNDA:0,(anonymous_4)
DA:31,0
DA:32,0
DA:39,0
DA:40,0
DA:41,0
DA:52,0
DA:53,0
DA:55,0
DA:60,0
DA:61,0
DA:63,0
DA:71,0
DA:75,0
DA:78,0
DA:85,0
DA:86,0
DA:90,0
DA:106,1
LF:18
LH:1
BRDA:52,0,0,0
BRDA:52,0,1,0
BRDA:60,1,0,0
BRDA:60,1,1,0
BRDA:85,2,0,0
BRDA:85,2,1,0
BRF:6
BRH:0
end_of_record
TN:
SF:C:\Users\MSI-TITAN-6QE\Desktop\homatching\src\components\nonuse\frontPage.js
FN:11,_interopRequireDefault
FN:13,FrontPage
FNF:2
FNH:0
FNDA:0,_interopRequireDefault
FNDA:0,FrontPage
DA:1,0
DA:9,0
DA:10,0
DA:11,0
DA:13,0
DA:21,0
LF:6
LH:0
BRDA:11,0,0,0
BRDA:11,0,1,0
BRDA:11,1,0,0
BRDA:11,1,1,0
BRF:4
BRH:0
end_of_record
TN:
SF:C:\Users\MSI-TITAN-6QE\Desktop\homatching\src\components\nonuse\listTesting.js
FN:1,(anonymous_0)
FN:1,(anonymous_1)
FN:1,defineProperties
FN:1,(anonymous_3)
FN:5,_interopRequireDefault
FN:5,_classCallCheck
FN:5,_possibleConstructorReturn
FN:5,_inherits
FN:16,(anonymous_8)
FN:16,ListTesting
FN:19,render
FN:72,onPress
FN:77,onPress
FN:84,onPress
FN:89,onPress
FN:93,onOpen
FN:94,onClose
FN:132,onPress
FN:137,onPress
FN:144,onPress
FN:149,onPress
FN:153,onOpen
FN:154,onClose
FN:252,renderHeader
FN:272,renderHeader
FN:280,renderHeader
FN:285,onClick
FN:290,renderHeader
FN:300,renderHeader
FN:301,onClick
FNF:30
FNH:0
FNDA:0,(anonymous_0)
FNDA:0,(anonymous_1)
FNDA:0,defineProperties
FNDA:0,(anonymous_3)
FNDA:0,_interopRequireDefault
FNDA:0,_classCallCheck
FNDA:0,_possibleConstructorReturn
FNDA:0,_inherits
FNDA:0,(anonymous_8)
FNDA:0,ListTesting
FNDA:0,render
FNDA:0,onPress
FNDA:0,onPress
FNDA:0,onPress
FNDA:0,onPress
FNDA:0,onOpen
FNDA:0,onClose
FNDA:0,onPress
FNDA:0,onPress
FNDA:0,onPress
FNDA:0,onPress
FNDA:0,onOpen
FNDA:0,onClose
FNDA:0,renderHeader
FNDA:0,renderHeader
FNDA:0,renderHeader
FNDA:0,onClick
FNDA:0,renderHeader
FNDA:0,renderHeader
FNDA:0,onClick
DA:1,0
DA:3,0
DA:4,0
DA:5,0
DA:7,0
DA:8,0
DA:10,0
DA:16,0
DA:19,0
DA:21,0
DA:22,0
DA:24,0
DA:25,0
DA:26,0
DA:72,0
DA:77,0
DA:84,0
DA:89,0
DA:93,0
DA:94,0
DA:132,0
DA:137,0
DA:144,0
DA:149,0
DA:153,0
DA:154,0
DA:252,0
DA:272,0
DA:280,0
DA:290,0
DA:300,0
DA:301,0
DA:312,0
DA:315,0
LF:34
LH:0
BRDA:1,0,0,0
BRDA:1,0,1,0
BRDA:1,1,0,0
BRDA:1,1,1,0
BRDA:1,2,0,0
BRDA:1,2,1,0
BRDA:1,3,0,0
BRDA:1,3,1,0
BRDA:1,4,0,0
BRDA:1,4,1,0
BRDA:1,5,0,0
BRDA:1,5,1,0
BRDA:5,6,0,0
BRDA:5,6,1,0
BRDA:5,7,0,0
BRDA:5,7,1,0
BRDA:5,8,0,0
BRDA:5,8,1,0
BRDA:5,9,0,0
BRDA:5,9,1,0
BRDA:5,10,0,0
BRDA:5,10,1,0
BRDA:5,11,0,0
BRDA:5,11,1,0
BRDA:5,11,2,0
BRDA:5,12,0,0
BRDA:5,12,1,0
BRDA:5,13,0,0
BRDA:5,13,1,0
BRDA:5,14,0,0
BRDA:5,14,1,0
BRDA:5,15,0,0
BRDA:5,15,1,0
BRDA:5,16,0,0
BRDA:5,16,1,0
BRDA:16,17,0,0
BRDA:16,17,1,0
BRF:37
BRH:0
end_of_record
TN:
SF:C:\Users\MSI-TITAN-6QE\Desktop\homatching\src\components\nonuse\propertysView.js
FN:1,(anonymous_0)
FN:1,defineProperties
FN:1,(anonymous_2)
FN:7,_interopRequireDefault
FN:7,_classCallCheck
FN:7,_possibleConstructorReturn
FN:7,_inherits
FN:15,(anonymous_7)
FN:15,PropertysView
FN:17,(anonymous_9)
FN:21,(anonymous_10)
FN:25,(anonymous_11)
FN:33,(anonymous_12)
FN:38,(anonymous_13)
FN:52,(anonymous_14)
FN:60,render
FNF:16
FNH:0
FNDA:0,(anonymous_0)
FNDA:0,defineProperties
FNDA:0,(anonymous_2)
FNDA:0,_interopRequireDefault
FNDA:0,_classCallCheck
FNDA:0,_possibleConstructorReturn
FNDA:0,_inherits
FNDA:0,(anonymous_7)
FNDA:0,PropertysView
FNDA:0,(anonymous_9)
FNDA:0,(anonymous_10)
FNDA:0,(anonymous_11)
FNDA:0,(anonymous_12)
FNDA:0,(anonymous_13)
FNDA:0,(anonymous_14)
FNDA:0,render
DA:1,0
DA:6,0
DA:7,0
DA:15,0
DA:18,0
DA:22,0
DA:28,0
DA:30,0
DA:34,0
DA:36,0
DA:37,0
DA:38,0
DA:48,0
DA:53,0
DA:56,0
DA:58,0
DA:64,0
DA:66,0
DA:77,0
DA:88,0
LF:20
LH:0
BRDA:1,0,0,0
BRDA:1,0,1,0
BRDA:1,1,0,0
BRDA:1,1,1,0
BRDA:1,2,0,0
BRDA:1,2,1,0
BRDA:1,3,0,0
BRDA:1,3,1,0
BRDA:7,4,0,0
BRDA:7,4,1,0
BRDA:7,5,0,0
BRDA:7,5,1,0
BRDA:7,6,0,0
BRDA:7,6,1,0
BRDA:7,7,0,0
BRDA:7,7,1,0
BRDA:7,8,0,0
BRDA:7,8,1,0
BRDA:7,9,0,0
BRDA:7,9,1,0
BRDA:7,9,2,0
BRDA:7,10,0,0
BRDA:7,10,1,0
BRDA:7,11,0,0
BRDA:7,11,1,0
BRDA:7,12,0,0
BRDA:7,12,1,0
BRDA:7,13,0,0
BRDA:7,13,1,0
BRDA:7,14,0,0
BRDA:7,14,1,0
BRDA:15,15,0,0
BRDA:15,15,1,0
BRDA:15,16,0,0
BRDA:15,16,1,0
BRF:35
BRH:0
end_of_record
TN:
SF:C:\Users\MSI-TITAN-6QE\Desktop\homatching\src\components\nonuse\singleCreatePropertyView.js
FN:1,(anonymous_0)
FN:1,defineProperties
FN:1,(anonymous_2)
FN:2,_interopRequireDefault
FN:2,_classCallCheck
FN:2,_possibleConstructorReturn
FN:2,_inherits
FN:7,(anonymous_7)
FN:7,SingleCreatePropertyView
FN:7,render
FN:31,onChange
FN:42,onChange
FN:53,onChange
FN:64,onChange
FN:75,onChange
FN:86,onChange
FN:92,onClick
FNF:17
FNH:0
FNDA:0,(anonymous_0)
FNDA:0,defineProperties
FNDA:0,(anonymous_2)
FNDA:0,_interopRequireDefault
FNDA:0,_classCallCheck
FNDA:0,_possibleConstructorReturn
FNDA:0,_inherits
FNDA:0,(anonymous_7)
FNDA:0,SingleCreatePropertyView
FNDA:0,render
FNDA:0,onChange
FNDA:0,onChange
FNDA:0,onChange
FNDA:0,onChange
FNDA:0,onChange
FNDA:0,onChange
FNDA:0,onClick
DA:1,0
DA:2,0
DA:7,0
DA:20,0
DA:23,0
DA:32,0
DA:43,0
DA:54,0
DA:65,0
DA:76,0
DA:87,0
DA:92,0
DA:95,0
LF:13
LH:0
BRDA:1,0,0,0
BRDA:1,0,1,0
BRDA:1,1,0,0
BRDA:1,1,1,0
BRDA:1,2,0,0
BRDA:1,2,1,0
BRDA:1,3,0,0
BRDA:1,3,1,0
BRDA:2,4,0,0
BRDA:2,4,1,0
BRDA:2,5,0,0
BRDA:2,5,1,0
BRDA:2,6,0,0
BRDA:2,6,1,0
BRDA:2,7,0,0
BRDA:2,7,1,0
BRDA:2,8,0,0
BRDA:2,8,1,0
BRDA:2,9,0,0
BRDA:2,9,1,0
BRDA:2,9,2,0
BRDA:2,10,0,0
BRDA:2,10,1,0
BRDA:2,11,0,0
BRDA:2,11,1,0
BRDA:2,12,0,0
BRDA:2,12,1,0
BRDA:2,13,0,0
BRDA:2,13,1,0
BRDA:2,14,0,0
BRDA:2,14,1,0
BRDA:7,15,0,0
BRDA:7,15,1,0
BRDA:7,16,0,0
BRDA:7,16,1,0
BRF:35
BRH:0
end_of_record
TN:
SF:C:\Users\MSI-TITAN-6QE\Desktop\homatching\src\components\nonuse\singleCreatePropertyViewAntMobile.js
FN:1,(anonymous_0)
FN:1,defineProperties
FN:1,(anonymous_2)
FN:2,_interopRequireDefault
FN:2,_classCallCheck
FN:2,_possibleConstructorReturn
FN:2,_inherits
FN:7,(anonymous_7)
FN:7,SingleCreatePropertyView
FN:7,render
FN:16,onChange
FN:17,onChange
FN:18,onChange
FN:19,onChange
FN:20,onChange
FN:21,onChange
FN:22,onClick
FNF:17
FNH:0
FNDA:0,(anonymous_0)
FNDA:0,defineProperties
FNDA:0,(anonymous_2)
FNDA:0,_interopRequireDefault
FNDA:0,_classCallCheck
FNDA:0,_possibleConstructorReturn
FNDA:0,_inherits
FNDA:0,(anonymous_7)
FNDA:0,SingleCreatePropertyView
FNDA:0,render
FNDA:0,onChange
FNDA:0,onChange
FNDA:0,onChange
FNDA:0,onChange
FNDA:0,onChange
FNDA:0,onChange
FNDA:0,onClick
DA:1,0
DA:2,0
DA:7,0
DA:11,0
DA:14,0
DA:16,0
DA:17,0
DA:18,0
DA:19,0
DA:20,0
DA:21,0
DA:22,0
DA:24,0
LF:13
LH:0
BRDA:1,0,0,0
BRDA:1,0,1,0
BRDA:1,1,0,0
BRDA:1,1,1,0
BRDA:1,2,0,0
BRDA:1,2,1,0
BRDA:1,3,0,0
BRDA:1,3,1,0
BRDA:2,4,0,0
BRDA:2,4,1,0
BRDA:2,5,0,0
BRDA:2,5,1,0
BRDA:2,6,0,0
BRDA:2,6,1,0
BRDA:2,7,0,0
BRDA:2,7,1,0
BRDA:2,8,0,0
BRDA:2,8,1,0
BRDA:2,9,0,0
BRDA:2,9,1,0
BRDA:2,9,2,0
BRDA:2,10,0,0
BRDA:2,10,1,0
BRDA:2,11,0,0
BRDA:2,11,1,0
BRDA:2,12,0,0
BRDA:2,12,1,0
BRDA:2,13,0,0
BRDA:2,13,1,0
BRDA:2,14,0,0
BRDA:2,14,1,0
BRDA:7,15,0,0
BRDA:7,15,1,0
BRDA:7,16,0,0
BRDA:7,16,1,0
BRF:35
BRH:0
end_of_record
TN:
SF:C:\Users\MSI-TITAN-6QE\Desktop\homatching\src\components\nonuse\singleMatchPropertyView.js
FN:1,(anonymous_0)
FN:1,defineProperties
FN:1,(anonymous_2)
FN:2,_interopRequireDefault
FN:2,_classCallCheck
FN:2,_possibleConstructorReturn
FN:2,_inherits
FN:8,(anonymous_7)
FN:8,SingleMatchPropertyView
FN:8,render
FN:23,onChange
FN:24,onChange
FN:25,onChange
FN:26,onChange
FN:27,onChange
FN:28,onChange
FN:29,onClick
FNF:17
FNH:0
FNDA:0,(anonymous_0)
FNDA:0,defineProperties
FNDA:0,(anonymous_2)
FNDA:0,_interopRequireDefault
FNDA:0,_classCallCheck
FNDA:0,_possibleConstructorReturn
FNDA:0,_inherits
FNDA:0,(anonymous_7)
FNDA:0,SingleMatchPropertyView
FNDA:0,render
FNDA:0,onChange
FNDA:0,onChange
FNDA:0,onChange
FNDA:0,onChange
FNDA:0,onChange
FNDA:0,onChange
FNDA:0,onClick
DA:1,0
DA:2,0
DA:8,0
DA:12,0
DA:21,0
DA:23,0
DA:24,0
DA:25,0
DA:26,0
DA:27,0
DA:28,0
DA:29,0
DA:32,0
LF:13
LH:0
BRDA:1,0,0,0
BRDA:1,0,1,0
BRDA:1,1,0,0
BRDA:1,1,1,0
BRDA:1,2,0,0
BRDA:1,2,1,0
BRDA:1,3,0,0
BRDA:1,3,1,0
BRDA:2,4,0,0
BRDA:2,4,1,0
BRDA:2,5,0,0
BRDA:2,5,1,0
BRDA:2,6,0,0
BRDA:2,6,1,0
BRDA:2,7,0,0
BRDA:2,7,1,0
BRDA:2,8,0,0
BRDA:2,8,1,0
BRDA:2,9,0,0
BRDA:2,9,1,0
BRDA:2,9,2,0
BRDA:2,10,0,0
BRDA:2,10,1,0
BRDA:2,11,0,0
BRDA:2,11,1,0
BRDA:2,12,0,0
BRDA:2,12,1,0
BRDA:2,13,0,0
BRDA:2,13,1,0
BRDA:2,14,0,0
BRDA:2,14,1,0
BRDA:8,15,0,0
BRDA:8,15,1,0
BRDA:8,16,0,0
BRDA:8,16,1,0
BRF:35
BRH:0
end_of_record
TN:
SF:C:\Users\MSI-TITAN-6QE\Desktop\homatching\src\components\nonuse\singlePropertyView.js
FN:1,(anonymous_0)
FN:1,defineProperties
FN:1,(anonymous_2)
FN:2,_interopRequireDefault
FN:2,_classCallCheck
FN:2,_possibleConstructorReturn
FN:2,_inherits
FN:8,(anonymous_7)
FN:8,SinglePropertyView
FN:8,render
FN:21,onChange
FN:22,onChange
FN:23,onChange
FN:24,onChange
FN:25,onChange
FN:26,onChange
FN:27,onClick
FNF:17
FNH:0
FNDA:0,(anonymous_0)
FNDA:0,defineProperties
FNDA:0,(anonymous_2)
FNDA:0,_interopRequireDefault
FNDA:0,_classCallCheck
FNDA:0,_possibleConstructorReturn
FNDA:0,_inherits
FNDA:0,(anonymous_7)
FNDA:0,SinglePropertyView
FNDA:0,render
FNDA:0,onChange
FNDA:0,onChange
FNDA:0,onChange
FNDA:0,onChange
FNDA:0,onChange
FNDA:0,onChange
FNDA:0,onClick
DA:1,0
DA:2,0
DA:8,0
DA:12,0
DA:19,0
DA:21,0
DA:22,0
DA:23,0
DA:24,0
DA:25,0
DA:26,0
DA:27,0
DA:30,0
LF:13
LH:0
BRDA:1,0,0,0
BRDA:1,0,1,0
BRDA:1,1,0,0
BRDA:1,1,1,0
BRDA:1,2,0,0
BRDA:1,2,1,0
BRDA:1,3,0,0
BRDA:1,3,1,0
BRDA:2,4,0,0
BRDA:2,4,1,0
BRDA:2,5,0,0
BRDA:2,5,1,0
BRDA:2,6,0,0
BRDA:2,6,1,0
BRDA:2,7,0,0
BRDA:2,7,1,0
BRDA:2,8,0,0
BRDA:2,8,1,0
BRDA:2,9,0,0
BRDA:2,9,1,0
BRDA:2,9,2,0
BRDA:2,10,0,0
BRDA:2,10,1,0
BRDA:2,11,0,0
BRDA:2,11,1,0
BRDA:2,12,0,0
BRDA:2,12,1,0
BRDA:2,13,0,0
BRDA:2,13,1,0
BRDA:2,14,0,0
BRDA:2,14,1,0
BRDA:8,15,0,0
BRDA:8,15,1,0
BRDA:8,16,0,0
BRDA:8,16,1,0
BRF:35
BRH:0
end_of_record
TN:
SF:C:\Users\MSI-TITAN-6QE\Desktop\homatching\src\components\nonuse\singlePropertyViewAntMobile.js
FN:1,(anonymous_0)
FN:1,defineProperties
FN:1,(anonymous_2)
FN:2,_interopRequireDefault
FN:2,_classCallCheck
FN:2,_possibleConstructorReturn
FN:2,_inherits
FN:10,(anonymous_7)
FN:10,SinglePropertyView
FN:10,render
FN:22,renderHeader
FN:23,onChange
FN:24,onChange
FN:25,onChange
FN:26,onChange
FN:27,onChange
FN:28,onChange
FN:29,onChange
FN:30,onClick
FNF:19
FNH:0
FNDA:0,(anonymous_0)
FNDA:0,defineProperties
FNDA:0,(anonymous_2)
FNDA:0,_interopRequireDefault
FNDA:0,_classCallCheck
FNDA:0,_possibleConstructorReturn
FNDA:0,_inherits
FNDA:0,(anonymous_7)
FNDA:0,SinglePropertyView
FNDA:0,render
FNDA:0,renderHeader
FNDA:0,onChange
FNDA:0,onChange
FNDA:0,onChange
FNDA:0,onChange
FNDA:0,onChange
FNDA:0,onChange
FNDA:0,onChange
FNDA:0,onClick
DA:1,0
DA:2,0
DA:10,0
DA:14,0
DA:21,0
DA:22,0
DA:23,0
DA:24,0
DA:25,0
DA:26,0
DA:27,0
DA:28,0
DA:29,0
DA:30,0
DA:34,0
LF:15
LH:0
BRDA:1,0,0,0
BRDA:1,0,1,0
BRDA:1,1,0,0
BRDA:1,1,1,0
BRDA:1,2,0,0
BRDA:1,2,1,0
BRDA:1,3,0,0
BRDA:1,3,1,0
BRDA:2,4,0,0
BRDA:2,4,1,0
BRDA:2,5,0,0
BRDA:2,5,1,0
BRDA:2,6,0,0
BRDA:2,6,1,0
BRDA:2,7,0,0
BRDA:2,7,1,0
BRDA:2,8,0,0
BRDA:2,8,1,0
BRDA:2,9,0,0
BRDA:2,9,1,0
BRDA:2,9,2,0
BRDA:2,10,0,0
BRDA:2,10,1,0
BRDA:2,11,0,0
BRDA:2,11,1,0
BRDA:2,12,0,0
BRDA:2,12,1,0
BRDA:2,13,0,0
BRDA:2,13,1,0
BRDA:2,14,0,0
BRDA:2,14,1,0
BRDA:10,15,0,0
BRDA:10,15,1,0
BRDA:10,16,0,0
BRDA:10,16,1,0
BRF:35
BRH:0
end_of_record
TN:
SF:C:\Users\MSI-TITAN-6QE\Desktop\homatching\src\components\nonuse\testListView.js
FN:1,(anonymous_0)
FN:1,defineProperties
FN:1,(anonymous_2)
FN:2,_interopRequireDefault
FN:2,_defineProperty
FN:2,_classCallCheck
FN:2,_possibleConstructorReturn
FN:2,_inherits
FN:6,MyBody
FN:38,(anonymous_9)
FN:39,TestListView
FN:103,(anonymous_11)
FN:111,(anonymous_12)
FN:118,getSectionData
FN:118,getRowData
FN:118,rowHasChanged
FN:118,sectionHeaderHasChanged
FN:118,(anonymous_17)
FN:119,componentDidMount
FN:123,(anonymous_19)
FN:131,render
FN:131,separator
FN:131,row
FN:137,onClick
FN:154,renderHeader
FN:155,renderFooter
FN:158,renderSectionHeader
FN:161,renderBodyComponent
FN:172,onScroll
FNF:29
FNH:0
FNDA:0,(anonymous_0)
FNDA:0,defineProperties
FNDA:0,(anonymous_2)
FNDA:0,_interopRequireDefault
FNDA:0,_defineProperty
FNDA:0,_classCallCheck
FNDA:0,_possibleConstructorReturn
FNDA:0,_inherits
FNDA:0,MyBody
FNDA:0,(anonymous_9)
FNDA:0,TestListView
FNDA:0,(anonymous_11)
FNDA:0,(anonymous_12)
FNDA:0,getSectionData
FNDA:0,getRowData
FNDA:0,rowHasChanged
FNDA:0,sectionHeaderHasChanged
FNDA:0,(anonymous_17)
FNDA:0,componentDidMount
FNDA:0,(anonymous_19)
FNDA:0,render
FNDA:0,separator
FNDA:0,row
FNDA:0,onClick
FNDA:0,renderHeader
FNDA:0,renderFooter
FNDA:0,renderSectionHeader
FNDA:0,renderBodyComponent
FNDA:0,onScroll
DA:1,0
DA:2,0
DA:7,0
DA:15,0
DA:32,0
DA:34,0
DA:35,0
DA:36,0
DA:38,0
DA:39,0
DA:40,0
DA:106,0
DA:107,0
DA:109,0
DA:110,0
DA:111,0
DA:112,0
DA:113,0
DA:118,0
DA:119,0
DA:123,0
DA:131,0
DA:132,0
DA:133,0
DA:135,0
DA:136,0
DA:137,0
DA:151,0
DA:154,0
DA:155,0
DA:158,0
DA:161,0
DA:172,0
DA:179,0
LF:34
LH:0
BRDA:1,0,0,0
BRDA:1,0,1,0
BRDA:1,1,0,0
BRDA:1,1,1,0
BRDA:1,2,0,0
BRDA:1,2,1,0
BRDA:1,3,0,0
BRDA:1,3,1,0
BRDA:2,4,0,0
BRDA:2,4,1,0
BRDA:2,5,0,0
BRDA:2,5,1,0
BRDA:2,6,0,0
BRDA:2,6,1,0
BRDA:2,7,0,0
BRDA:2,7,1,0
BRDA:2,8,0,0
BRDA:2,8,1,0
BRDA:2,9,0,0
BRDA:2,9,1,0
BRDA:2,10,0,0
BRDA:2,10,1,0
BRDA:2,10,2,0
BRDA:2,11,0,0
BRDA:2,11,1,0
BRDA:2,12,0,0
BRDA:2,12,1,0
BRDA:2,13,0,0
BRDA:2,13,1,0
BRDA:2,14,0,0
BRDA:2,14,1,0
BRDA:2,15,0,0
BRDA:2,15,1,0
BRDA:39,16,0,0
BRDA:39,16,1,0
BRDA:106,17,0,0
BRDA:106,17,1,0
BRDA:106,18,0,0
BRDA:106,18,1,0
BRDA:118,19,0,0
BRDA:118,19,1,0
BRDA:118,20,0,0
BRDA:118,20,1,0
BRDA:132,21,0,0
BRDA:132,21,1,0
BRDA:156,22,0,0
BRDA:156,22,1,0
BRF:47
BRH:0
end_of_record
TN:
SF:C:\Users\MSI-TITAN-6QE\Desktop\homatching\src\components\react-simple-chatbot\dist\react-simple-chatbot.js
FN:1,(anonymous_0)
FN:1,(anonymous_1)
FN:1,(anonymous_2)
FN:1,(anonymous_3)
FN:1,(anonymous_4)
FN:1,t
FN:1,(anonymous_6)
FN:1,(anonymous_7)
FN:1,(anonymous_8)
FN:1,(anonymous_9)
FN:1,(anonymous_10)
FN:1,(anonymous_11)
FN:1,(anonymous_12)
FN:1,r
FN:1,o
FN:1,i
FN:1,u
FN:1,a
FN:1,c
FN:1,s
FN:1,l
FN:1,f
FN:1,(anonymous_22)
FN:1,(anonymous_23)
FN:1,(anonymous_24)
FN:1,(anonymous_25)
FN:1,(anonymous_26)
FN:1,(anonymous_27)
FN:1,(anonymous_28)
FN:1,e
FN:1,(anonymous_30)
FN:1,e
FN:1,(anonymous_32)
FN:1,T
FN:1,L
FN:1,z
FN:1,(anonymous_36)
FN:1,R
FN:1,B
FN:1,(anonymous_39)
FN:1,(anonymous_40)
FN:1,U
FN:1,(anonymous_42)
FN:1,e
FN:1,(anonymous_44)
FN:1,(anonymous_45)
FN:1,G
FN:1,q
FN:1,Z
FN:1,(anonymous_49)
FN:1,e
FN:1,(anonymous_51)
FN:1,(anonymous_52)
FN:1,(anonymous_53)
FN:1,(anonymous_54)
FN:1,(anonymous_55)
FN:1,(anonymous_56)
FN:1,(anonymous_57)
FN:1,(anonymous_58)
FN:1,(anonymous_59)
FN:1,create
FN:1,(anonymous_61)
FN:1,(anonymous_62)
FN:1,(anonymous_63)
FN:1,e
FN:1,(anonymous_65)
FN:1,(anonymous_66)
FN:1,(anonymous_67)
FN:1,(anonymous_68)
FN:1,(anonymous_69)
FN:1,(anonymous_70)
FN:1,(anonymous_71)
FN:1,(anonymous_72)
FN:1,(anonymous_73)
FN:1,(anonymous_74)
FN:1,(anonymous_75)
FN:1,(anonymous_76)
FN:1,(anonymous_77)
FN:1,(anonymous_78)
FN:1,(anonymous_79)
FN:1,(anonymous_80)
FN:1,(anonymous_81)
FN:1,(anonymous_82)
FN:1,(anonymous_83)
FN:1,(anonymous_84)
FN:1,get
FN:1,(anonymous_86)
FN:1,t
FN:1,(anonymous_88)
FN:1,(anonymous_89)
FN:1,(anonymous_90)
FN:1,e
FN:1,(anonymous_92)
FN:1,(anonymous_93)
FN:1,(anonymous_94)
FN:1,(anonymous_95)
FN:1,(anonymous_96)
FN:1,(anonymous_97)
FN:1,(anonymous_98)
FN:1,(anonymous_99)
FN:1,(anonymous_100)
FN:1,(anonymous_101)
FN:1,e
FN:1,(anonymous_103)
FN:1,(anonymous_104)
FN:1,(anonymous_105)
FN:1,(anonymous_106)
FN:1,(anonymous_107)
FN:1,ue
FN:1,(anonymous_109)
FN:1,pe
FN:1,de
FN:1,publish
FN:1,(anonymous_113)
FN:1,subscribe
FN:1,(anonymous_115)
FN:1,(anonymous_116)
FN:1,(anonymous_117)
FN:1,t
FN:1,(anonymous_119)
FN:1,(anonymous_120)
FN:1,(anonymous_121)
FN:1,(anonymous_122)
FN:1,(anonymous_123)
FN:1,(anonymous_124)
FN:1,(anonymous_125)
FN:1,(anonymous_126)
FN:1,t
FN:1,xe
FN:1,we
FN:1,(anonymous_130)
FN:1,n
FN:1,(anonymous_132)
FN:1,(anonymous_133)
FN:1,(anonymous_134)
FN:1,(anonymous_135)
FN:1,(anonymous_136)
FN:1,(anonymous_137)
FN:1,r
FN:1,(anonymous_139)
FN:1,(anonymous_140)
FN:1,(anonymous_141)
FN:1,t
FN:1,i
FN:1,(anonymous_144)
FN:1,(anonymous_145)
FN:1,(anonymous_146)
FN:1,o
FN:1,(anonymous_148)
FN:1,t
FN:1,(anonymous_150)
FN:1,(anonymous_151)
FN:1,(anonymous_152)
FN:1,(anonymous_153)
FN:1,(anonymous_154)
FN:1,(anonymous_155)
FN:1,(anonymous_156)
FN:1,(anonymous_157)
FN:1,(anonymous_158)
FN:1,(anonymous_159)
FN:1,r
FN:1,(anonymous_161)
FN:1,t
FN:1,(anonymous_163)
FN:1,get
FN:1,(anonymous_165)
FN:1,(anonymous_166)
FN:1,(anonymous_167)
FN:1,(anonymous_168)
FN:1,(anonymous_169)
FN:1,n
FN:1,(anonymous_171)
FN:1,(anonymous_172)
FN:1,(anonymous_173)
FN:1,r
FN:1,(anonymous_175)
FN:1,o
FN:1,(anonymous_177)
FN:1,r
FN:1,o
FN:1,l
FN:1,(anonymous_181)
FN:1,(anonymous_182)
FN:1,(anonymous_183)
FN:1,(anonymous_184)
FN:1,(anonymous_185)
FN:1,(anonymous_186)
FN:1,(anonymous_187)
FN:1,r
FN:1,(anonymous_189)
FN:1,r
FN:1,(anonymous_191)
FN:1,(anonymous_192)
FN:1,(anonymous_193)
FN:1,(anonymous_194)
FN:1,(anonymous_195)
FN:1,r
FN:1,(anonymous_197)
FN:1,(anonymous_198)
FN:1,r
FN:1,(anonymous_200)
FN:1,o
FN:1,(anonymous_202)
FN:1,(anonymous_203)
FN:1,(anonymous_204)
FN:1,(anonymous_205)
FN:1,r
FN:1,c
FN:1,(anonymous_208)
FN:1,(anonymous_209)
FN:1,(anonymous_210)
FN:1,i
FN:1,u
FN:1,a
FN:1,c
FN:1,s
FN:1,l
FN:1,f
FN:1,p
FN:1,d
FN:1,h
FN:1,y
FN:1,g
FN:1,v
FN:1,m
FN:1,b
FN:1,_
FN:1,x
FN:1,w
FN:1,(anonymous_229)
FN:1,j
FN:1,M
FN:1,C
FN:1,k
FN:1,O
FN:1,S
FN:1,(anonymous_236)
FN:1,I
FN:1,(anonymous_238)
FN:1,E
FN:1,(anonymous_240)
FN:1,N
FN:1,P
FN:1,T
FN:1,A
FN:1,(anonymous_245)
FN:1,D
FN:1,(anonymous_247)
FN:1,L
FN:1,(anonymous_249)
FN:1,z
FN:1,R
FN:1,F
FN:1,B
FN:1,U
FN:1,W
FN:1,Y
FN:1,G
FN:1,q
FN:1,Z
FN:1,(anonymous_260)
FN:1,V
FN:1,(anonymous_262)
FN:1,H
FN:1,Q
FN:1,(anonymous_265)
FN:1,$
FN:1,(anonymous_267)
FN:1,J
FN:1,X
FN:1,K
FN:1,ee
FN:1,te
FN:1,ne
FN:1,re
FN:1,(anonymous_275)
FN:1,e
FN:1,n
FN:1,r
FN:1,o
FN:1,_
FN:1,I
FN:1,J
FN:1,te
FN:1,ne
FN:1,Ft
FN:1,Jt
FN:1,Xt
FN:1,Kt
FN:1,en
FN:1,tn
FN:1,nn
FN:1,rn
FN:1,on
FN:1,un
FN:1,an
FN:1,cn
FN:1,sn
FN:1,ln
FN:1,fn
FN:1,pn
FN:1,yn
FN:1,gn
FN:1,vn
FN:1,mn
FN:1,jn
FN:1,Mn
FN:1,Cn
FN:1,kn
FN:1,In
FN:1,En
FN:1,Pn
FN:1,Tn
FN:1,Dn
FN:1,Ln
FN:1,Yn
FN:1,Hn
FN:1,Qn
FN:1,$n
FN:1,(anonymous_319)
FN:1,Jn
FN:1,Xn
FN:1,Kn
FN:1,er
FN:1,tr
FN:1,nr
FN:1,(anonymous_326)
FN:1,rr
FN:1,(anonymous_328)
FN:1,or
FN:1,ir
FN:1,(anonymous_331)
FN:1,ur
FN:1,ar
FN:1,(anonymous_334)
FN:1,cr
FN:1,sr
FN:1,lr
FN:1,(anonymous_338)
FN:1,fr
FN:1,pr
FN:1,dr
FN:1,hr
FN:1,(anonymous_343)
FN:1,yr
FN:1,gr
FN:1,vr
FN:1,mr
FN:1,br
FN:1,_r
FN:1,xr
FN:1,wr
FN:1,jr
FN:1,(anonymous_353)
FN:1,Mr
FN:1,Cr
FN:1,kr
FN:1,Or
FN:1,Sr
FN:1,Ir
FN:1,Er
FN:1,Nr
FN:1,Pr
FN:1,Tr
FN:1,Ar
FN:1,Dr
FN:1,Lr
FN:1,zr
FN:1,Rr
FN:1,Fr
FN:1,Br
FN:1,(anonymous_371)
FN:1,Ur
FN:1,(anonymous_373)
FN:1,Wr
FN:1,(anonymous_375)
FN:1,Yr
FN:1,(anonymous_377)
FN:1,Gr
FN:1,qr
FN:1,Zr
FN:1,(anonymous_381)
FN:1,(anonymous_382)
FN:1,(anonymous_383)
FN:1,Vr
FN:1,(anonymous_385)
FN:1,Hr
FN:1,Qr
FN:1,(anonymous_388)
FN:1,$r
FN:1,Jr
FN:1,Xr
FN:1,Kr
FN:1,eo
FN:1,to
FN:1,no
FN:1,ro
FN:1,oo
FN:1,io
FN:1,uo
FN:1,ao
FN:1,(anonymous_401)
FN:1,co
FN:1,so
FN:1,lo
FN:1,fo
FN:1,po
FN:1,ho
FN:1,yo
FN:1,go
FN:1,vo
FN:1,mo
FN:1,(anonymous_412)
FN:1,bo
FN:1,_o
FN:1,xo
FN:1,wo
FN:1,jo
FN:1,Mo
FN:1,Co
FN:1,ko
FN:1,Oo
FN:1,So
FN:1,Io
FN:1,Eo
FN:1,No
FN:1,Po
FN:1,To
FN:1,Ao
FN:1,Do
FN:1,Lo
FN:1,zo
FN:1,Ro
FN:1,Fo
FN:1,Bo
FN:1,Uo
FN:1,(anonymous_436)
FN:1,Wo
FN:1,(anonymous_438)
FN:1,Yo
FN:1,(anonymous_440)
FN:1,Go
FN:1,(anonymous_442)
FN:1,qo
FN:1,r
FN:1,Zo
FN:1,(anonymous_446)
FN:1,Vo
FN:1,(anonymous_448)
FN:1,Ho
FN:1,(anonymous_450)
FN:1,Qo
FN:1,r
FN:1,$o
FN:1,(anonymous_454)
FN:1,n
FN:1,Jo
FN:1,(anonymous_457)
FN:1,(anonymous_458)
FN:1,Xo
FN:1,l
FN:1,Ko
FN:1,(anonymous_462)
FN:1,ei
FN:1,(anonymous_464)
FN:1,ti
FN:1,(anonymous_466)
FN:1,(anonymous_467)
FN:1,(anonymous_468)
FN:1,ni
FN:1,ri
FN:1,o
FN:1,oi
FN:1,(anonymous_473)
FN:1,ii
FN:1,(anonymous_475)
FN:1,ui
FN:1,ai
FN:1,(anonymous_478)
FN:1,ci
FN:1,(anonymous_480)
FN:1,si
FN:1,li
FN:1,fi
FN:1,pi
FN:1,di
FN:1,(anonymous_486)
FN:1,hi
FN:1,yi
FN:1,gi
FN:1,vi
FN:1,mi
FN:1,bi
FN:1,_i
FN:1,xi
FN:1,wi
FN:1,ji
FN:1,Mi
FN:1,Ci
FN:1,ki
FN:1,Oi
FN:1,Si
FN:1,Ii
FN:1,Ei
FN:1,Ni
FN:1,Pi
FN:1,Ti
FN:1,Ai
FN:1,Di
FN:1,Li
FN:1,zi
FN:1,Ri
FN:1,Fi
FN:1,Bi
FN:1,Ui
FN:1,Wi
FN:1,(anonymous_516)
FN:1,Yi
FN:1,Gi
FN:1,qi
FN:1,Zi
FN:1,(anonymous_521)
FN:1,Vi
FN:1,Hi
FN:1,Qi
FN:1,$i
FN:1,(anonymous_526)
FN:1,Ji
FN:1,Xi
FN:1,Ki
FN:1,eu
FN:1,(anonymous_531)
FN:1,tu
FN:1,nu
FN:1,ru
FN:1,ou
FN:1,iu
FN:1,uu
FN:1,au
FN:1,cu
FN:1,su
FN:1,lu
FN:1,fu
FN:1,pu
FN:1,du
FN:1,hu
FN:1,yu
FN:1,gu
FN:1,vu
FN:1,mu
FN:1,bu
FN:1,_u
FN:1,xu
FN:1,wu
FN:1,ju
FN:1,Mu
FN:1,Cu
FN:1,ku
FN:1,Ou
FN:1,Su
FN:1,Iu
FN:1,Eu
FN:1,Nu
FN:1,Pu
FN:1,Tu
FN:1,Au
FN:1,Du
FN:1,Lu
FN:1,zu
FN:1,Ru
FN:1,Fu
FN:1,Bu
FN:1,Uu
FN:1,Wu
FN:1,Yu
FN:1,Gu
FN:1,qu
FN:1,(anonymous_577)
FN:1,(anonymous_578)
FN:1,Zu
[...]
FNDA:0,componentWillMount
FNDA:0,render
FNDA:0,onPress
FNDA:0,onPress
FNDA:0,onPress
FNDA:0,onPress
FNDA:0,onOpen
FNDA:0,onClose
DA:1,0
DA:3,0
DA:6,0
DA:24,0
DA:26,0
DA:29,0
DA:31,0
DA:33,0
DA:39,0
DA:45,0
DA:46,0
DA:51,0
DA:59,0
DA:64,0
DA:71,0
DA:76,0
DA:80,0
DA:81,0
DA:116,0
DA:118,0
LF:20
LH:0
BRDA:1,0,0,0
BRDA:1,0,1,0
BRDA:1,1,0,0
BRDA:1,1,1,0
BRDA:1,2,0,0
BRDA:1,2,1,0
BRDA:1,3,0,0
BRDA:1,3,1,0
BRDA:6,4,0,0
BRDA:6,4,1,0
BRDA:6,5,0,0
BRDA:6,5,1,0
BRDA:6,6,0,0
BRDA:6,6,1,0
BRDA:6,7,0,0
BRDA:6,7,1,0
BRDA:6,8,0,0
BRDA:6,8,1,0
BRDA:6,9,0,0
BRDA:6,9,1,0
BRDA:6,9,2,0
BRDA:6,10,0,0
BRDA:6,10,1,0
BRDA:6,11,0,0
BRDA:6,11,1,0
BRDA:6,12,0,0
BRDA:6,12,1,0
BRDA:6,13,0,0
BRDA:6,13,1,0
BRDA:6,14,0,0
BRDA:6,14,1,0
BRDA:26,15,0,0
BRDA:26,15,1,0
BRF:33
BRH:0
end_of_record
TN:
SF:C:\Users\MSI-TITAN-6QE\Desktop\homatching\src\components\singlePropertyView\singleLeasePropertyForMatchView.js
FN:53,(anonymous_0)
FN:62,(anonymous_1)
FN:71,(anonymous_2)
FN:91,(anonymous_3)
FN:96,(anonymous_4)
FN:103,(anonymous_5)
FN:108,(anonymous_6)
FN:112,(anonymous_7)
FN:113,(anonymous_8)
FNF:9
FNH:0
FNDA:0,(anonymous_0)
FNDA:0,(anonymous_1)
FNDA:0,(anonymous_2)
FNDA:0,(anonymous_3)
FNDA:0,(anonymous_4)
FNDA:0,(anonymous_5)
FNDA:0,(anonymous_6)
FNDA:0,(anonymous_7)
FNDA:0,(anonymous_8)
DA:54,0
DA:56,0
DA:66,0
DA:72,0
DA:74,0
DA:75,0
DA:83,0
DA:91,0
DA:96,0
DA:103,0
DA:108,0
DA:112,0
DA:113,0
DA:151,1
LF:14
LH:1
BRF:0
BRH:0
end_of_record
TN:
SF:C:\Users\MSI-TITAN-6QE\Desktop\homatching\src\components\singlePropertyView\singleRentPropertyForMatchView.js
FN:53,(anonymous_0)
FN:62,(anonymous_1)
FN:72,(anonymous_2)
FN:92,(anonymous_3)
FN:97,(anonymous_4)
FN:104,(anonymous_5)
FN:109,(anonymous_6)
FN:113,(anonymous_7)
FN:114,(anonymous_8)
FNF:9
FNH:0
FNDA:0,(anonymous_0)
FNDA:0,(anonymous_1)
FNDA:0,(anonymous_2)
FNDA:0,(anonymous_3)
FNDA:0,(anonymous_4)
FNDA:0,(anonymous_5)
FNDA:0,(anonymous_6)
FNDA:0,(anonymous_7)
FNDA:0,(anonymous_8)
DA:54,0
DA:56,0
DA:67,0
DA:73,0
DA:75,0
DA:76,0
DA:84,0
DA:92,0
DA:97,0
DA:104,0
DA:109,0
DA:113,0
DA:114,0
DA:152,1
LF:14
LH:1
BRF:0
BRH:0
end_of_record
TN:
SF:C:\Users\MSI-TITAN-6QE\Desktop\homatching\src\components\singlePropertyView\singleSalePropertyForMatchView.js
FN:53,(anonymous_0)
FN:62,(anonymous_1)
FN:70,(anonymous_2)
FNF:3
FNH:0
FNDA:0,(anonymous_0)
FNDA:0,(anonymous_1)
FNDA:0,(anonymous_2)
DA:54,0
DA:56,0
DA:66,0
DA:71,0
DA:73,0
DA:74,0
DA:86,0
DA:125,1
LF:8
LH:1
BRF:0
BRH:0
end_of_record
TN:
SF:C:\Users\MSI-TITAN-6QE\Desktop\homatching\src\config\env.js
FN:32,(anonymous_0)
FN:52,(anonymous_1)
FN:53,(anonymous_2)
FN:60,getClientEnvironment
FN:62,(anonymous_4)
FN:64,(anonymous_5)
FN:82,(anonymous_6)
FNF:7
FNH:0
FNDA:0,(anonymous_0)
FNDA:0,(anonymous_1)
FNDA:0,(anonymous_2)
FNDA:0,getClientEnvironment
FNDA:0,(anonymous_4)
FNDA:0,(anonymous_5)
FNDA:0,(anonymous_6)
DA:3,0
DA:4,0
DA:5,0
DA:8,0
DA:10,0
DA:11,0
DA:12,0
DA:18,0
DA:32,0
DA:33,0
DA:34,0
DA:49,0
DA:50,0
DA:52,0
DA:53,0
DA:58,0
DA:61,0
DA:62,0
DA:65,0
DA:66,0
DA:80,0
DA:83,0
DA:84,0
DA:90,0
DA:93,0
LF:25
LH:0
BRDA:11,0,0,0
BRDA:11,0,1,0
BRDA:24,1,0,0
BRDA:24,1,1,0
BRDA:33,2,0,0
BRDA:33,2,1,0
BRDA:50,3,0,0
BRDA:50,3,1,0
BRDA:52,4,0,0
BRDA:52,4,1,0
BRDA:71,5,0,0
BRDA:71,5,1,0
BRF:12
BRH:0
end_of_record
TN:
SF:C:\Users\MSI-TITAN-6QE\Desktop\homatching\src\config\paths.js
FN:10,resolveApp
FN:14,ensureSlash
FN:25,getPublicUrl
FN:34,getServedPath
FNF:4
FNH:0
FNDA:0,resolveApp
FNDA:0,ensureSlash
FNDA:0,getPublicUrl
FNDA:0,getServedPath
DA:3,0
DA:4,0
DA:5,0
DA:9,0
DA:10,0
DA:12,0
DA:15,0
DA:16,0
DA:17,0
DA:18,0
DA:19,0
DA:21,0
DA:25,0
DA:35,0
DA:36,0
DA:38,0
DA:42,0
LF:17
LH:0
BRDA:16,0,0,0
BRDA:16,0,1,0
BRDA:16,1,0,0
BRDA:16,1,1,0
BRDA:18,2,0,0
BRDA:18,2,1,0
BRDA:18,3,0,0
BRDA:18,3,1,0
BRDA:26,4,0,0
BRDA:26,4,1,0
BRDA:36,5,0,0
BRDA:36,5,1,0
BRDA:37,6,0,0
BRDA:37,6,1,0
BRF:14
BRH:0
end_of_record
TN:
SF:C:\Users\MSI-TITAN-6QE\Desktop\homatching\src\config\polyfills.js
FNF:0
FNH:0
DA:3,0
DA:7,0
DA:8,0
DA:12,0
DA:16,0
LF:5
LH:0
BRDA:3,0,0,0
BRDA:3,0,1,0
BRF:2
BRH:0
end_of_record
TN:
SF:C:\Users\MSI-TITAN-6QE\Desktop\homatching\src\config\webpack.config.dev.js
FN:72,devtoolModuleFilenameTemplate
FN:199,plugins
FN:233,plugins
FNF:3
FNH:0
FNDA:0,devtoolModuleFilenameTemplate
FNDA:0,plugins
FNDA:0,plugins
DA:3,0
DA:4,0
DA:5,0
DA:6,0
DA:7,0
DA:8,0
DA:9,0
DA:10,0
DA:11,0
DA:12,0
DA:13,0
DA:14,0
DA:18,0
DA:22,0
DA:24,0
DA:29,0
DA:72,0
DA:199,0
DA:233,0
LF:19
LH:0
BRF:0
BRH:0
end_of_record
TN:
SF:C:\Users\MSI-TITAN-6QE\Desktop\homatching\src\config\webpack.config.prod.js
FN:70,devtoolModuleFilenameTemplate
FN:204,plugins
FN:244,plugins
FN:325,logger
FNF:4
FNH:0
FNDA:0,devtoolModuleFilenameTemplate
FNDA:0,plugins
FNDA:0,plugins
FNDA:0,logger
DA:3,0
DA:4,0
DA:5,0
DA:6,0
DA:7,0
DA:8,0
DA:9,0
DA:10,0
DA:11,0
DA:12,0
DA:13,0
DA:14,0
DA:15,0
DA:19,0
DA:22,0
DA:26,0
DA:28,0
DA:32,0
DA:33,0
DA:37,0
DA:43,0
DA:51,0
DA:70,0
DA:204,0
DA:244,0
DA:326,0
DA:328,0
DA:330,0
LF:28
LH:0
BRDA:32,0,0,0
BRDA:32,0,1,0
BRDA:43,1,0,0
BRDA:43,1,1,0
BRDA:326,2,0,0
BRDA:326,2,1,0
BRF:6
BRH:0
end_of_record
TN:
SF:C:\Users\MSI-TITAN-6QE\Desktop\homatching\src\config\webpackDevServer.config.js
FN:11,(anonymous_0)
FN:81,setup
FNF:2
FNH:0
FNDA:0,(anonymous_0)
FNDA:0,setup
DA:3,0
DA:4,0
DA:5,0
DA:6,0
DA:8,0
DA:9,0
DA:11,0
DA:12,0
DA:83,0
DA:89,0
LF:10
LH:0
BRDA:8,0,0,0
BRDA:8,0,1,0
BRDA:9,1,0,0
BRDA:9,1,1,0
BRDA:29,2,0,0
BRDA:29,2,1,0
BRF:6
BRH:0
end_of_record
TN:
SF:C:\Users\MSI-TITAN-6QE\Desktop\homatching\src\config\jest\cssTransform.js
FN:7,process
FN:10,getCacheKey
FNF:2
FNH:0
FNDA:0,process
FNDA:0,getCacheKey
DA:6,0
DA:8,0
DA:12,0
LF:3
LH:0
BRF:0
BRH:0
end_of_record
TN:
SF:C:\Users\MSI-TITAN-6QE\Desktop\homatching\src\config\jest\fileTransform.js
FN:9,process
FNF:1
FNH:0
FNDA:0,process
DA:3,0
DA:8,0
DA:10,0
LF:3
LH:0
BRF:0
BRH:0
end_of_record
TN:
SF:C:\Users\MSI-TITAN-6QE\Desktop\homatching\src\data\DISTRICK.js
FNF:0
FNH:0
DA:1,1
LF:1
LH:1
BRF:0
BRH:0
end_of_record
TN:
SF:C:\Users\MSI-TITAN-6QE\Desktop\homatching\src\data\HOWTOCONTACT.js
FNF:0
FNH:0
DA:1,1
LF:1
LH:1
BRF:0
BRH:0
end_of_record
TN:
SF:C:\Users\MSI-TITAN-6QE\Desktop\homatching\src\data\MTR.js
FNF:0
FNH:0
DA:2,1
LF:1
LH:1
BRF:0
BRH:0
end_of_record
TN:
SF:C:\Users\MSI-TITAN-6QE\Desktop\homatching\src\data\PARTITION.js
FNF:0
FNH:0
DA:1,1
LF:1
LH:1
BRF:0
BRH:0
end_of_record
TN:
SF:C:\Users\MSI-TITAN-6QE\Desktop\homatching\src\firebase\app-store.js
FN:8,(anonymous_0)
FN:20,(anonymous_1)
FNF:2
FNH:1
FNDA:1,(anonymous_0)
FNDA:0,(anonymous_1)
DA:9,1
DA:10,1
DA:11,1
DA:12,1
DA:13,1
DA:14,1
DA:15,1
DA:16,1
DA:21,0
DA:22,0
DA:25,0
DA:26,0
DA:28,0
DA:30,0
DA:32,0
DA:33,0
DA:34,0
DA:35,0
DA:40,0
DA:42,0
LF:20
LH:8
BRF:0
BRH:0
end_of_record
TN:
SF:C:\Users\MSI-TITAN-6QE\Desktop\homatching\src\firebase\firebase-store.js
FN:20,(anonymous_0)
FN:21,(anonymous_1)
FN:25,(anonymous_2)
FN:31,(anonymous_3)
FN:33,(anonymous_4)
FN:42,(anonymous_5)
FN:56,(anonymous_6)
FN:57,(anonymous_7)
FN:61,(anonymous_8)
FN:67,(anonymous_9)
FN:69,(anonymous_10)
FN:76,(anonymous_11)
FN:93,(anonymous_12)
FN:94,(anonymous_13)
FNF:14
FNH:0
FNDA:0,(anonymous_0)
FNDA:0,(anonymous_1)
FNDA:0,(anonymous_2)
FNDA:0,(anonymous_3)
FNDA:0,(anonymous_4)
FNDA:0,(anonymous_5)
FNDA:0,(anonymous_6)
FNDA:0,(anonymous_7)
FNDA:0,(anonymous_8)
FNDA:0,(anonymous_9)
FNDA:0,(anonymous_10)
FNDA:0,(anonymous_11)
FNDA:0,(anonymous_12)
FNDA:0,(anonymous_13)
DA:8,1
DA:10,1
DA:17,1
DA:20,1
DA:21,0
DA:24,0
DA:26,0
DA:31,1
DA:33,0
DA:35,0
DA:37,0
DA:41,0
DA:44,0
DA:45,0
DA:47,0
DA:49,0
DA:50,0
DA:56,1
DA:57,0
DA:60,0
DA:62,0
DA:67,1
DA:69,0
DA:71,0
DA:75,0
DA:77,0
DA:79,0
DA:93,1
DA:94,0
DA:95,0
DA:99,0
DA:100,0
DA:101,0
DA:102,0
DA:109,1
DA:110,1
DA:112,1
DA:113,1
DA:114,1
DA:115,1
DA:116,1
DA:121,1
DA:128,1
DA:149,1
DA:150,1
DA:151,1
LF:46
LH:20
BRF:0
BRH:0
end_of_record
TN:
SF:C:\Users\MSI-TITAN-6QE\Desktop\homatching\src\mobxs\mobxStore.js
FNF:0
FNH:0
DA:4,1
LF:1
LH:1
BRF:0
BRH:0
end_of_record
TN:
SF:C:\Users\MSI-TITAN-6QE\Desktop\homatching\src\mobxs\stores\app-store.js
FN:6,(anonymous_0)
FN:40,(anonymous_1)
FNF:2
FNH:1
FNDA:1,(anonymous_0)
FNDA:0,(anonymous_1)
DA:7,1
DA:18,1
DA:19,1
DA:21,1
DA:41,0
LF:5
LH:4
BRF:0
BRH:0
end_of_record
TN:
SF:C:\Users\MSI-TITAN-6QE\Desktop\homatching\src\store\agentModelView.js
FN:31,(anonymous_0)
FN:35,(anonymous_1)
FN:44,(anonymous_2)
FN:47,(anonymous_3)
FN:66,(anonymous_4)
FN:78,(anonymous_5)
FN:84,(anonymous_6)
FN:100,(anonymous_7)
FN:116,(anonymous_8)
FN:124,(anonymous_9)
FN:143,(anonymous_10)
FN:159,(anonymous_11)
FN:168,(anonymous_12)
FN:178,(anonymous_13)
FN:185,(anonymous_14)
FN:193,(anonymous_15)
FN:202,(anonymous_16)
FN:206,(anonymous_17)
FN:213,(anonymous_18)
FNF:19
FNH:1
FNDA:1,(anonymous_0)
FNDA:0,(anonymous_1)
FNDA:0,(anonymous_2)
FNDA:0,(anonymous_3)
FNDA:0,(anonymous_4)
FNDA:0,(anonymous_5)
FNDA:0,(anonymous_6)
FNDA:0,(anonymous_7)
FNDA:0,(anonymous_8)
FNDA:0,(anonymous_9)
FNDA:0,(anonymous_10)
FNDA:0,(anonymous_11)
FNDA:0,(anonymous_12)
FNDA:0,(anonymous_13)
FNDA:0,(anonymous_14)
FNDA:0,(anonymous_15)
FNDA:0,(anonymous_16)
FNDA:0,(anonymous_17)
FNDA:0,(anonymous_18)
DA:36,0
DA:37,0
DA:45,0
DA:47,0
DA:51,0
DA:59,0
DA:61,0
DA:62,0
DA:66,0
DA:68,0
DA:69,0
DA:70,0
DA:71,0
DA:72,0
DA:73,0
DA:78,0
DA:79,0
DA:84,0
DA:87,0
DA:90,0
DA:95,0
DA:96,0
DA:100,0
DA:102,0
DA:103,0
DA:104,0
DA:116,0
DA:117,0
DA:124,0
DA:126,0
DA:127,0
DA:130,0
DA:132,0
DA:134,0
DA:136,0
DA:137,0
DA:139,0
DA:143,0
DA:145,0
DA:146,0
DA:147,0
DA:159,0
DA:160,0
DA:169,0
DA:170,0
DA:179,0
DA:180,0
DA:185,0
DA:187,0
DA:189,0
DA:190,0
DA:193,0
DA:195,0
DA:196,0
DA:203,0
DA:207,0
DA:214,0
DA:215,0
DA:219,1
LF:59
LH:1
BRF:0
BRH:0
end_of_record
TN:
SF:C:\Users\MSI-TITAN-6QE\Desktop\homatching\src\store\property.js
FN:10,nextId
FN:59,(anonymous_1)
FN:148,(anonymous_2)
FN:154,(anonymous_3)
FN:159,(anonymous_4)
FN:191,(anonymous_5)
FN:210,(anonymous_6)
FN:213,(anonymous_7)
FN:215,(anonymous_8)
FN:217,(anonymous_9)
FN:224,(anonymous_10)
FN:255,(anonymous_11)
FN:259,(anonymous_12)
FN:265,(anonymous_13)
FN:284,(anonymous_14)
FN:301,(anonymous_15)
FN:306,(anonymous_16)
FN:312,(anonymous_17)
FN:321,(anonymous_18)
FN:325,(anonymous_19)
FN:346,(anonymous_20)
FN:367,(anonymous_21)
FN:371,(anonymous_22)
FN:386,(anonymous_23)
FN:399,(anonymous_24)
FN:402,(anonymous_25)
FN:413,(anonymous_26)
FN:427,(anonymous_27)
FN:435,(anonymous_28)
FN:439,(anonymous_29)
FN:452,(anonymous_30)
FN:531,(anonymous_31)
FN:551,(anonymous_32)
FN:634,(anonymous_33)
FNF:34
FNH:0
FNDA:0,nextId
FNDA:0,(anonymous_1)
FNDA:0,(anonymous_2)
FNDA:0,(anonymous_3)
FNDA:0,(anonymous_4)
FNDA:0,(anonymous_5)
FNDA:0,(anonymous_6)
FNDA:0,(anonymous_7)
FNDA:0,(anonymous_8)
FNDA:0,(anonymous_9)
FNDA:0,(anonymous_10)
FNDA:0,(anonymous_11)
FNDA:0,(anonymous_12)
FNDA:0,(anonymous_13)
FNDA:0,(anonymous_14)
FNDA:0,(anonymous_15)
FNDA:0,(anonymous_16)
FNDA:0,(anonymous_17)
FNDA:0,(anonymous_18)
FNDA:0,(anonymous_19)
FNDA:0,(anonymous_20)
FNDA:0,(anonymous_21)
FNDA:0,(anonymous_22)
FNDA:0,(anonymous_23)
FNDA:0,(anonymous_24)
FNDA:0,(anonymous_25)
FNDA:0,(anonymous_26)
FNDA:0,(anonymous_27)
FNDA:0,(anonymous_28)
FNDA:0,(anonymous_29)
FNDA:0,(anonymous_30)
FNDA:0,(anonymous_31)
FNDA:0,(anonymous_32)
FNDA:0,(anonymous_33)
DA:9,1
DA:10,0
DA:12,1
DA:60,0
DA:61,0
DA:62,0
DA:65,0
DA:150,0
DA:155,0
DA:156,0
DA:160,0
DA:161,0
DA:162,0
DA:163,0
DA:164,0
DA:165,0
DA:167,0
DA:169,0
DA:171,0
DA:173,0
DA:175,0
DA:177,0
DA:179,0
DA:181,0
DA:183,0
DA:185,0
DA:188,0
DA:193,0
DA:195,0
DA:196,0
DA:197,0
DA:198,0
DA:199,0
DA:200,0
DA:201,0
DA:202,0
DA:203,0
DA:206,0
DA:213,0
DA:215,0
DA:217,0
DA:218,0
DA:219,0
DA:226,0
DA:227,0
DA:228,0
DA:229,0
DA:230,0
DA:231,0
DA:233,0
DA:235,0
DA:237,0
DA:239,0
DA:241,0
DA:243,0
DA:245,0
DA:247,0
DA:249,0
DA:252,0
DA:256,0
DA:260,0
DA:262,0
DA:266,0
DA:267,0
DA:268,0
DA:269,0
DA:271,0
DA:272,0
DA:274,0
DA:275,0
DA:277,0
DA:278,0
DA:281,0
DA:285,0
DA:286,0
DA:287,0
DA:288,0
DA:289,0
DA:290,0
DA:291,0
DA:293,0
DA:294,0
DA:295,0
DA:296,0
DA:297,0
DA:298,0
DA:302,0
DA:303,0
DA:307,0
DA:308,0
DA:314,0
DA:316,0
DA:318,0
DA:322,0
DA:326,0
DA:328,0
DA:329,0
DA:330,0
DA:331,0
DA:332,0
DA:333,0
DA:334,0
DA:335,0
DA:336,0
DA:339,0
DA:340,0
DA:343,0
DA:347,0
DA:349,0
DA:350,0
DA:351,0
DA:352,0
DA:353,0
DA:354,0
DA:355,0
DA:356,0
DA:357,0
DA:360,0
DA:361,0
DA:364,0
DA:368,0
DA:372,0
DA:374,0
DA:375,0
DA:376,0
DA:377,0
DA:378,0
DA:379,0
DA:380,0
DA:381,0
DA:382,0
DA:384,0
DA:388,0
DA:389,0
DA:390,0
DA:391,0
DA:392,0
DA:393,0
DA:394,0
DA:396,0
DA:400,0
DA:404,0
DA:405,0
DA:406,0
DA:407,0
DA:408,0
DA:410,0
DA:415,0
DA:416,0
DA:417,0
DA:418,0
DA:419,0
DA:420,0
DA:421,0
DA:422,0
DA:424,0
DA:428,0
DA:429,0
DA:432,0
DA:436,0
DA:440,0
DA:441,0
DA:443,0
DA:454,0
DA:532,0
DA:534,0
DA:535,0
DA:536,0
DA:537,0
DA:538,0
DA:539,0
DA:540,0
DA:541,0
DA:542,0
DA:543,0
DA:544,0
DA:545,0
DA:547,0
DA:548,0
DA:554,0
DA:630,0
DA:636,0
LF:182
LH:2
BRDA:60,0,0,0
BRDA:60,0,1,0
BRDA:167,1,0,0
BRDA:167,1,1,0
BRDA:171,2,0,0
BRDA:171,2,1,0
BRDA:175,3,0,0
BRDA:175,3,1,0
BRDA:179,4,0,0
BRDA:179,4,1,0
BRDA:183,5,0,0
BRDA:183,5,1,0
BRDA:195,6,0,0
BRDA:195,6,1,0
BRDA:195,6,2,0
BRDA:195,6,3,0
BRDA:235,7,0,0
BRDA:235,7,1,0
BRDA:239,8,0,0
BRDA:239,8,1,0
BRDA:243,9,0,0
BRDA:243,9,1,0
BRDA:247,10,0,0
BRDA:247,10,1,0
BRDA:271,11,0,0
BRDA:271,11,1,0
BRDA:274,12,0,0
BRDA:274,12,1,0
BRDA:277,13,0,0
BRDA:277,13,1,0
BRDA:314,14,0,0
BRDA:314,14,1,0
BRDA:328,15,0,0
BRDA:328,15,1,0
BRDA:328,15,2,0
BRDA:328,15,3,0
BRDA:339,16,0,0
BRDA:339,16,1,0
BRDA:349,17,0,0
BRDA:349,17,1,0
BRDA:349,17,2,0
BRDA:349,17,3,0
BRDA:360,18,0,0
BRDA:360,18,1,0
BRDA:374,19,0,0
BRDA:374,19,1,0
BRDA:374,19,2,0
BRDA:374,19,3,0
BRDA:388,20,0,0
BRDA:388,20,1,0
BRDA:388,20,2,0
BRDA:388,20,3,0
BRDA:388,20,4,0
BRDA:388,20,5,0
BRDA:404,21,0,0
BRDA:404,21,1,0
BRDA:404,21,2,0
BRDA:404,21,3,0
BRDA:415,22,0,0
BRDA:415,22,1,0
BRDA:415,22,2,0
BRDA:415,22,3,0
BRDA:415,22,4,0
BRDA:415,22,5,0
BRDA:415,22,6,0
BRDA:428,23,0,0
BRDA:428,23,1,0
BRDA:440,24,0,0
BRDA:440,24,1,0
BRDA:534,25,0,0
BRDA:534,25,1,0
BRDA:535,26,0,0
BRDA:535,26,1,0
BRDA:536,27,0,0
BRDA:536,27,1,0
BRDA:537,28,0,0
BRDA:537,28,1,0
BRDA:538,29,0,0
BRDA:538,29,1,0
BRDA:539,30,0,0
BRDA:539,30,1,0
BRDA:540,31,0,0
BRDA:540,31,1,0
BRDA:541,32,0,0
BRDA:541,32,1,0
BRDA:542,33,0,0
BRDA:542,33,1,0
BRDA:543,34,0,0
BRDA:543,34,1,0
BRDA:544,35,0,0
BRDA:544,35,1,0
BRDA:545,36,0,0
BRDA:545,36,1,0
BRF:93
BRH:0
end_of_record
TN:
SF:C:\Users\MSI-TITAN-6QE\Desktop\homatching\src\store\propertyhk.js
FN:24,(anonymous_0)
FN:33,(anonymous_1)
FN:42,(anonymous_2)
FN:86,(anonymous_3)
FN:103,(anonymous_4)
FN:118,(anonymous_5)
FN:135,(anonymous_6)
FN:162,(anonymous_7)
FN:179,(anonymous_8)
FN:194,(anonymous_9)
FN:210,(anonymous_10)
FN:217,(anonymous_11)
FN:235,(anonymous_12)
FN:246,(anonymous_13)
FN:262,(anonymous_14)
FN:269,(anonymous_15)
FN:284,(anonymous_16)
FN:296,(anonymous_17)
FN:312,(anonymous_18)
FN:319,(anonymous_19)
FN:332,(anonymous_20)
FN:347,(anonymous_21)
FN:359,(anonymous_22)
FNF:23
FNH:0
FNDA:0,(anonymous_0)
FNDA:0,(anonymous_1)
FNDA:0,(anonymous_2)
FNDA:0,(anonymous_3)
FNDA:0,(anonymous_4)
FNDA:0,(anonymous_5)
FNDA:0,(anonymous_6)
FNDA:0,(anonymous_7)
FNDA:0,(anonymous_8)
FNDA:0,(anonymous_9)
FNDA:0,(anonymous_10)
FNDA:0,(anonymous_11)
FNDA:0,(anonymous_12)
FNDA:0,(anonymous_13)
FNDA:0,(anonymous_14)
FNDA:0,(anonymous_15)
FNDA:0,(anonymous_16)
FNDA:0,(anonymous_17)
FNDA:0,(anonymous_18)
FNDA:0,(anonymous_19)
FNDA:0,(anonymous_20)
FNDA:0,(anonymous_21)
FNDA:0,(anonymous_22)
DA:25,0
DA:34,0
DA:43,0
DA:46,0
DA:47,0
DA:49,0
DA:50,0
DA:52,0
DA:53,0
DA:55,0
DA:56,0
DA:58,0
DA:59,0
DA:61,0
DA:62,0
DA:64,0
DA:65,0
DA:67,0
DA:68,0
DA:70,0
DA:71,0
DA:73,0
DA:74,0
DA:78,0
DA:83,0
DA:89,0
DA:92,0
DA:93,0
DA:100,0
DA:107,0
DA:108,0
DA:109,0
DA:115,0
DA:119,0
DA:120,0
DA:126,0
DA:136,0
DA:139,0
DA:141,0
DA:142,0
DA:144,0
DA:145,0
DA:147,0
DA:148,0
DA:150,0
DA:151,0
DA:154,0
DA:159,0
DA:165,0
DA:168,0
DA:169,0
DA:176,0
DA:183,0
DA:184,0
DA:185,0
DA:191,0
DA:195,0
DA:196,0
DA:202,0
DA:211,0
DA:214,0
DA:220,0
DA:221,0
DA:224,0
DA:225,0
DA:232,0
DA:239,0
DA:240,0
DA:243,0
DA:247,0
DA:248,0
DA:254,0
DA:263,0
DA:266,0
DA:272,0
DA:273,0
DA:275,0
DA:281,0
DA:288,0
DA:289,0
DA:293,0
DA:297,0
DA:298,0
DA:304,0
DA:313,0
DA:316,0
DA:322,0
DA:323,0
DA:329,0
DA:337,0
DA:338,0
DA:344,0
DA:348,0
DA:349,0
DA:355,0
DA:360,0
DA:362,0
DA:363,0
LF:98
LH:0
BRDA:46,0,0,0
BRDA:46,0,1,0
BRDA:47,1,0,0
BRDA:47,1,1,0
BRDA:47,1,2,0
BRDA:47,1,3,0
BRDA:61,2,0,0
BRDA:61,2,1,0
BRDA:62,3,0,0
BRDA:62,3,1,0
BRDA:62,3,2,0
BRDA:62,3,3,0
BRDA:139,4,0,0
BRDA:139,4,1,0
BRDA:139,4,2,0
BRDA:139,4,3,0
BRDA:220,5,0,0
BRDA:220,5,1,0
BRF:18
BRH:0
end_of_record
TN:
SF:C:\Users\MSI-TITAN-6QE\Desktop\homatching\src\store\propertysViewModel.js
FN:25,(anonymous_0)
FN:29,(anonymous_1)
FN:39,(anonymous_2)
FN:43,(anonymous_3)
FN:67,(anonymous_4)
FN:85,(anonymous_5)
FN:118,(anonymous_6)
FN:152,(anonymous_7)
FN:156,(anonymous_8)
FN:163,(anonymous_9)
FNF:10
FNH:1
FNDA:1,(anonymous_0)
FNDA:0,(anonymous_1)
FNDA:0,(anonymous_2)
FNDA:0,(anonymous_3)
FNDA:0,(anonymous_4)
FNDA:0,(anonymous_5)
FNDA:0,(anonymous_6)
FNDA:0,(anonymous_7)
FNDA:0,(anonymous_8)
FNDA:0,(anonymous_9)
DA:26,1
DA:30,0
DA:31,0
DA:40,0
DA:43,0
DA:51,0
DA:52,0
DA:56,0
DA:59,0
DA:63,0
DA:64,0
DA:67,0
DA:75,0
DA:77,0
DA:78,0
DA:85,0
DA:86,0
DA:119,0
DA:120,0
DA:153,0
DA:157,0
DA:158,0
DA:164,0
DA:172,1
LF:24
LH:2
BRF:0
BRH:0
end_of_record
TN:
SF:C:\Users\MSI-TITAN-6QE\Desktop\homatching\src\store\store.js
FNF:0
FNH:0
DA:1,0
DA:3,0
DA:7,0
LF:3
LH:0
BRF:0
BRH:0
end_of_record
TN:
SF:C:\Users\MSI-TITAN-6QE\Desktop\homatching\src\store\testobject.js
FN:7,nextId
FNF:1
FNH:0
FNDA:0,nextId
DA:6,1
DA:7,0
LF:2
LH:1
BRF:0
BRH:0
end_of_record
TN:
SF:C:\Users\MSI-TITAN-6QE\Desktop\homatching\src\try\frontPageView-lists.js
FN:1,(anonymous_0)
FN:1,defineProperties
FN:1,(anonymous_2)
FN:3,_interopRequireDefault
FN:3,_toConsumableArray
FN:3,_classCallCheck
FN:3,_possibleConstructorReturn
FN:3,_inherits
FN:8,(anonymous_8)
FN:8,FrontPageView
FN:8,render
FN:18,(anonymous_11)
FN:40,onClick
FN:52,onClick
FN:64,onClick
FN:76,onClick
FN:82,_initialiseProps
FN:82,(anonymous_17)
FNF:18
FNH:0
FNDA:0,(anonymous_0)
FNDA:0,defineProperties
FNDA:0,(anonymous_2)
FNDA:0,_interopRequireDefault
FNDA:0,_toConsumableArray
FNDA:0,_classCallCheck
FNDA:0,_possibleConstructorReturn
FNDA:0,_inherits
FNDA:0,(anonymous_8)
FNDA:0,FrontPageView
FNDA:0,render
FNDA:0,(anonymous_11)
FNDA:0,onClick
FNDA:0,onClick
FNDA:0,onClick
FNDA:0,onClick
FNDA:0,_initialiseProps
FNDA:0,(anonymous_17)
DA:1,0
DA:3,0
DA:5,0
DA:6,0
DA:8,0
DA:17,0
DA:19,0
DA:20,0
DA:25,0
DA:31,0
DA:82,0
LF:11
LH:0
BRDA:1,0,0,0
BRDA:1,0,1,0
BRDA:1,1,0,0
BRDA:1,1,1,0
BRDA:1,2,0,0
BRDA:1,2,1,0
BRDA:1,3,0,0
BRDA:1,3,1,0
BRDA:3,4,0,0
BRDA:3,4,1,0
BRDA:3,5,0,0
BRDA:3,5,1,0
BRDA:3,6,0,0
BRDA:3,6,1,0
BRDA:3,7,0,0
BRDA:3,7,1,0
BRDA:3,8,0,0
BRDA:3,8,1,0
BRDA:3,9,0,0
BRDA:3,9,1,0
BRDA:3,10,0,0
BRDA:3,10,1,0
BRDA:3,10,2,0
BRDA:3,11,0,0
BRDA:3,11,1,0
BRDA:3,12,0,0
BRDA:3,12,1,0
BRDA:3,13,0,0
BRDA:3,13,1,0
BRDA:3,14,0,0
BRDA:3,14,1,0
BRDA:3,15,0,0
BRDA:3,15,1,0
BRDA:8,16,0,0
BRDA:8,16,1,0
BRDA:19,17,0,0
BRDA:19,17,1,0
BRF:37
BRH:0
end_of_record
TN:
SF:C:\Users\MSI-TITAN-6QE\Desktop\homatching\src\try\time.js
FN:34,getTimeInNum
FNF:1
FNH:0
FNDA:0,getTimeInNum
DA:2,0
DA:4,0
DA:5,0
DA:6,0
DA:8,0
DA:9,0
DA:10,0
DA:11,0
DA:12,0
DA:13,0
DA:14,0
DA:15,0
DA:18,0
DA:21,0
DA:26,0
DA:27,0
DA:28,0
DA:30,0
DA:35,0
DA:36,0
DA:37,0
DA:38,0
DA:39,0
DA:40,0
DA:41,0
DA:43,0
DA:44,0
DA:45,0
DA:46,0
DA:47,0
DA:48,0
DA:52,0
DA:53,0
DA:54,0
DA:55,0
DA:56,0
DA:57,0
DA:61,0
DA:63,0
DA:64,0
DA:65,0
DA:66,0
DA:67,0
DA:68,0
DA:69,0
DA:70,0
DA:71,0
DA:72,0
DA:73,0
DA:74,0
DA:75,0
DA:76,0
DA:77,0
DA:80,0
DA:81,0
DA:82,0
DA:83,0
DA:84,0
DA:85,0
DA:92,0
DA:100,0
DA:112,0
DA:113,0
DA:114,0
DA:115,0
DA:116,0
DA:118,0
LF:67
LH:0
BRF:0
BRH:0
end_of_record
TN:
SF:C:\Users\MSI-TITAN-6QE\Desktop\homatching\src\try\tryfind.js
FN:115,findBuilding
FN:119,findLocation
FN:123,findRegion
FNF:3
FNH:0
FNDA:0,findBuilding
FNDA:0,findLocation
FNDA:0,findRegion
DA:1,0
DA:110,0
DA:111,0
DA:112,0
DA:116,0
DA:120,0
DA:124,0
DA:127,0
DA:128,0
DA:129,0
DA:130,0
DA:131,0
DA:132,0
LF:13
LH:0
BRF:0
BRH:0
end_of_record
